This file contains any messages produced by compilers while
running configure, to aid debugging if configure makes a mistake.

It was created by nm-applet configure 1.20.0, which was
generated by GNU Autoconf 2.69.  Invocation command line was

  $ ./configure 

## --------- ##
## Platform. ##
## --------- ##

hostname = linaro-alip
uname -m = aarch64
uname -r = 5.10.209
uname -s = Linux
uname -v = #4 SMP Mon Jul 28 13:09:12 CST 2025

/usr/bin/uname -p = unknown
/bin/uname -X     = unknown

/bin/arch              = aarch64
/usr/bin/arch -k       = unknown
/usr/convex/getsysinfo = unknown
/usr/bin/hostinfo      = unknown
/bin/machine           = unknown
/usr/bin/oslevel       = unknown
/bin/universe          = unknown

PATH: /usr/local/bin
PATH: /usr/bin
PATH: /bin
PATH: /usr/local/games
PATH: /usr/games


## ----------- ##
## Core tests. ##
## ----------- ##

configure:2507: checking for a BSD-compatible install
configure:2575: result: /usr/bin/install -c
configure:2586: checking whether build environment is sane
configure:2641: result: yes
configure:2792: checking for a thread-safe mkdir -p
configure:2831: result: /usr/bin/mkdir -p
configure:2838: checking for gawk
configure:2854: found /usr/bin/gawk
configure:2865: result: gawk
configure:2876: checking whether make sets $(MAKE)
configure:2898: result: yes
configure:2927: checking whether make supports nested variables
configure:2944: result: yes
configure:3071: checking whether to enable maintainer-specific portions of Makefiles
configure:3080: result: yes
configure:3104: checking whether make supports nested variables
configure:3121: result: yes
configure:3181: checking for gcc
configure:3197: found /usr/bin/gcc
configure:3208: result: gcc
configure:3437: checking for C compiler version
configure:3446: gcc --version >&5
gcc (Debian 10.2.1-6) 10.2.1 20210110
Copyright (C) 2020 Free Software Foundation, Inc.
This is free software; see the source for copying conditions.  There is NO
warranty; not even for MERCHANTABILITY or FITNESS FOR A PARTICULAR PURPOSE.

configure:3457: $? = 0
configure:3446: gcc -v >&5
Using built-in specs.
COLLECT_GCC=gcc
COLLECT_LTO_WRAPPER=/usr/lib/gcc/aarch64-linux-gnu/10/lto-wrapper
Target: aarch64-linux-gnu
Configured with: ../src/configure -v --with-pkgversion='Debian 10.2.1-6' --with-bugurl=file:///usr/share/doc/gcc-10/README.Bugs --enable-languages=c,ada,c++,go,d,fortran,objc,obj-c++,m2 --prefix=/usr --with-gcc-major-version-only --program-suffix=-10 --program-prefix=aarch64-linux-gnu- --enable-shared --enable-linker-build-id --libexecdir=/usr/lib --without-included-gettext --enable-threads=posix --libdir=/usr/lib --enable-nls --enable-bootstrap --enable-clocale=gnu --enable-libstdcxx-debug --enable-libstdcxx-time=yes --with-default-libstdcxx-abi=new --enable-gnu-unique-object --disable-libquadmath --disable-libquadmath-support --enable-plugin --enable-default-pie --with-system-zlib --enable-libphobos-checking=release --with-target-system-zlib=auto --enable-objc-gc=auto --enable-multiarch --enable-fix-cortex-a53-843419 --disable-werror --enable-checking=release --build=aarch64-linux-gnu --host=aarch64-linux-gnu --target=aarch64-linux-gnu --with-build-config=bootstrap-lto-lean --enable-link-mutex
Thread model: posix
Supported LTO compression algorithms: zlib zstd
gcc version 10.2.1 20210110 (Debian 10.2.1-6) 
configure:3457: $? = 0
configure:3446: gcc -V >&5
gcc: error: unrecognized command-line option '-V'
gcc: fatal error: no input files
compilation terminated.
configure:3457: $? = 1
configure:3446: gcc -qversion >&5
gcc: error: unrecognized command-line option '-qversion'; did you mean '--version'?
gcc: fatal error: no input files
compilation terminated.
configure:3457: $? = 1
configure:3477: checking whether the C compiler works
configure:3499: gcc    conftest.c  >&5
configure:3503: $? = 0
configure:3551: result: yes
configure:3554: checking for C compiler default output file name
configure:3556: result: a.out
configure:3562: checking for suffix of executables
configure:3569: gcc -o conftest    conftest.c  >&5
configure:3573: $? = 0
configure:3595: result: 
configure:3617: checking whether we are cross compiling
configure:3625: gcc -o conftest    conftest.c  >&5
configure:3629: $? = 0
configure:3636: ./conftest
configure:3640: $? = 0
configure:3655: result: no
configure:3660: checking for suffix of object files
configure:3682: gcc -c   conftest.c >&5
configure:3686: $? = 0
configure:3707: result: o
configure:3711: checking whether we are using the GNU C compiler
configure:3730: gcc -c   conftest.c >&5
configure:3730: $? = 0
configure:3739: result: yes
configure:3748: checking whether gcc accepts -g
configure:3768: gcc -c -g  conftest.c >&5
configure:3768: $? = 0
configure:3809: result: yes
configure:3826: checking for gcc option to accept ISO C89
configure:3889: gcc  -c -g -O2  conftest.c >&5
configure:3889: $? = 0
configure:3902: result: none needed
configure:3927: checking whether gcc understands -c and -o together
configure:3949: gcc -c conftest.c -o conftest2.o
configure:3952: $? = 0
configure:3949: gcc -c conftest.c -o conftest2.o
configure:3952: $? = 0
configure:3964: result: yes
configure:3984: checking whether make supports the include directive
configure:3999: make -f confmf.GNU && cat confinc.out
this is the am__doit target
configure:4002: $? = 0
configure:4021: result: yes (GNU style)
configure:4046: checking dependency style of gcc
configure:4157: result: gcc3
configure:4227: checking for pkg-config
configure:4245: found /usr/bin/pkg-config
configure:4257: result: /usr/bin/pkg-config
configure:4282: checking pkg-config is at least version 0.9.0
configure:4285: result: yes
configure:4296: checking for file
configure:4312: found /usr/bin/file
configure:4324: result: yes
configure:4338: checking for find
configure:4354: found /usr/bin/find
configure:4366: result: yes
configure:4384: checking how to run the C preprocessor
configure:4415: gcc -E  conftest.c
configure:4415: $? = 0
configure:4429: gcc -E  conftest.c
conftest.c:11:10: fatal error: ac_nonexistent.h: No such file or directory
   11 | #include <ac_nonexistent.h>
      |          ^~~~~~~~~~~~~~~~~~
compilation terminated.
configure:4429: $? = 1
configure: failed program was:
| /* confdefs.h */
| #define PACKAGE_NAME "nm-applet"
| #define PACKAGE_TARNAME "network-manager-applet"
| #define PACKAGE_VERSION "1.20.0"
| #define PACKAGE_STRING "nm-applet 1.20.0"
| #define PACKAGE_BUGREPORT "https://gitlab.gnome.org/GNOME/network-manager-applet/issues"
| #define PACKAGE_URL ""
| #define PACKAGE "network-manager-applet"
| #define VERSION "1.20.0"
| /* end confdefs.h.  */
| #include <ac_nonexistent.h>
configure:4454: result: gcc -E
configure:4474: gcc -E  conftest.c
configure:4474: $? = 0
configure:4488: gcc -E  conftest.c
conftest.c:11:10: fatal error: ac_nonexistent.h: No such file or directory
   11 | #include <ac_nonexistent.h>
      |          ^~~~~~~~~~~~~~~~~~
compilation terminated.
configure:4488: $? = 1
configure: failed program was:
| /* confdefs.h */
| #define PACKAGE_NAME "nm-applet"
| #define PACKAGE_TARNAME "network-manager-applet"
| #define PACKAGE_VERSION "1.20.0"
| #define PACKAGE_STRING "nm-applet 1.20.0"
| #define PACKAGE_BUGREPORT "https://gitlab.gnome.org/GNOME/network-manager-applet/issues"
| #define PACKAGE_URL ""
| #define PACKAGE "network-manager-applet"
| #define VERSION "1.20.0"
| /* end confdefs.h.  */
| #include <ac_nonexistent.h>
configure:4517: checking for grep that handles long lines and -e
configure:4575: result: /usr/bin/grep
configure:4580: checking for egrep
configure:4642: result: /usr/bin/grep -E
configure:4647: checking for ANSI C header files
configure:4667: gcc -c -g -O2  conftest.c >&5
configure:4667: $? = 0
configure:4740: gcc -o conftest -g -O2   conftest.c  >&5
configure:4740: $? = 0
configure:4740: ./conftest
configure:4740: $? = 0
configure:4751: result: yes
configure:4764: checking for sys/types.h
configure:4764: gcc -c -g -O2  conftest.c >&5
configure:4764: $? = 0
configure:4764: result: yes
configure:4764: checking for sys/stat.h
configure:4764: gcc -c -g -O2  conftest.c >&5
configure:4764: $? = 0
configure:4764: result: yes
configure:4764: checking for stdlib.h
configure:4764: gcc -c -g -O2  conftest.c >&5
configure:4764: $? = 0
configure:4764: result: yes
configure:4764: checking for string.h
configure:4764: gcc -c -g -O2  conftest.c >&5
configure:4764: $? = 0
configure:4764: result: yes
configure:4764: checking for memory.h
configure:4764: gcc -c -g -O2  conftest.c >&5
configure:4764: $? = 0
configure:4764: result: yes
configure:4764: checking for strings.h
configure:4764: gcc -c -g -O2  conftest.c >&5
configure:4764: $? = 0
configure:4764: result: yes
configure:4764: checking for inttypes.h
configure:4764: gcc -c -g -O2  conftest.c >&5
configure:4764: $? = 0
configure:4764: result: yes
configure:4764: checking for stdint.h
configure:4764: gcc -c -g -O2  conftest.c >&5
configure:4764: $? = 0
configure:4764: result: yes
configure:4764: checking for unistd.h
configure:4764: gcc -c -g -O2  conftest.c >&5
configure:4764: $? = 0
configure:4764: result: yes
configure:4777: checking minix/config.h usability
configure:4777: gcc -c -g -O2  conftest.c >&5
conftest.c:54:10: fatal error: minix/config.h: No such file or directory
   54 | #include <minix/config.h>
      |          ^~~~~~~~~~~~~~~~
compilation terminated.
configure:4777: $? = 1
configure: failed program was:
| /* confdefs.h */
| #define PACKAGE_NAME "nm-applet"
| #define PACKAGE_TARNAME "network-manager-applet"
| #define PACKAGE_VERSION "1.20.0"
| #define PACKAGE_STRING "nm-applet 1.20.0"
| #define PACKAGE_BUGREPORT "https://gitlab.gnome.org/GNOME/network-manager-applet/issues"
| #define PACKAGE_URL ""
| #define PACKAGE "network-manager-applet"
| #define VERSION "1.20.0"
| #define STDC_HEADERS 1
| #define HAVE_SYS_TYPES_H 1
| #define HAVE_SYS_STAT_H 1
| #define HAVE_STDLIB_H 1
| #define HAVE_STRING_H 1
| #define HAVE_MEMORY_H 1
| #define HAVE_STRINGS_H 1
| #define HAVE_INTTYPES_H 1
| #define HAVE_STDINT_H 1
| #define HAVE_UNISTD_H 1
| /* end confdefs.h.  */
| #include <stdio.h>
| #ifdef HAVE_SYS_TYPES_H
| # include <sys/types.h>
| #endif
| #ifdef HAVE_SYS_STAT_H
| # include <sys/stat.h>
| #endif
| #ifdef STDC_HEADERS
| # include <stdlib.h>
| # include <stddef.h>
| #else
| # ifdef HAVE_STDLIB_H
| #  include <stdlib.h>
| # endif
| #endif
| #ifdef HAVE_STRING_H
| # if !defined STDC_HEADERS && defined HAVE_MEMORY_H
| #  include <memory.h>
| # endif
| # include <string.h>
| #endif
| #ifdef HAVE_STRINGS_H
| # include <strings.h>
| #endif
| #ifdef HAVE_INTTYPES_H
| # include <inttypes.h>
| #endif
| #ifdef HAVE_STDINT_H
| # include <stdint.h>
| #endif
| #ifdef HAVE_UNISTD_H
| # include <unistd.h>
| #endif
| #include <minix/config.h>
configure:4777: result: no
configure:4777: checking minix/config.h presence
configure:4777: gcc -E  conftest.c
conftest.c:21:10: fatal error: minix/config.h: No such file or directory
   21 | #include <minix/config.h>
      |          ^~~~~~~~~~~~~~~~
compilation terminated.
configure:4777: $? = 1
configure: failed program was:
| /* confdefs.h */
| #define PACKAGE_NAME "nm-applet"
| #define PACKAGE_TARNAME "network-manager-applet"
| #define PACKAGE_VERSION "1.20.0"
| #define PACKAGE_STRING "nm-applet 1.20.0"
| #define PACKAGE_BUGREPORT "https://gitlab.gnome.org/GNOME/network-manager-applet/issues"
| #define PACKAGE_URL ""
| #define PACKAGE "network-manager-applet"
| #define VERSION "1.20.0"
| #define STDC_HEADERS 1
| #define HAVE_SYS_TYPES_H 1
| #define HAVE_SYS_STAT_H 1
| #define HAVE_STDLIB_H 1
| #define HAVE_STRING_H 1
| #define HAVE_MEMORY_H 1
| #define HAVE_STRINGS_H 1
| #define HAVE_INTTYPES_H 1
| #define HAVE_STDINT_H 1
| #define HAVE_UNISTD_H 1
| /* end confdefs.h.  */
| #include <minix/config.h>
configure:4777: result: no
configure:4777: checking for minix/config.h
configure:4777: result: no
configure:4798: checking whether it is safe to define __EXTENSIONS__
configure:4816: gcc -c -g -O2  conftest.c >&5
configure:4816: $? = 0
configure:4823: result: yes
configure:4868: checking build system type
configure:4882: result: aarch64-unknown-linux-gnu
configure:4902: checking host system type
configure:4915: result: aarch64-unknown-linux-gnu
configure:4956: checking how to print strings
configure:4983: result: printf
configure:5004: checking for a sed that does not truncate output
configure:5068: result: /usr/bin/sed
configure:5086: checking for fgrep
configure:5148: result: /usr/bin/grep -F
configure:5183: checking for ld used by gcc
configure:5250: result: /usr/bin/ld
configure:5257: checking if the linker (/usr/bin/ld) is GNU ld
configure:5272: result: yes
configure:5284: checking for BSD- or MS-compatible name lister (nm)
configure:5338: result: /usr/bin/nm -B
configure:5468: checking the name lister (/usr/bin/nm -B) interface
configure:5475: gcc -c -g -O2  conftest.c >&5
configure:5478: /usr/bin/nm -B "conftest.o"
configure:5481: output
0000000000000000 B some_variable
configure:5488: result: BSD nm
configure:5491: checking whether ln -s works
configure:5495: result: yes
configure:5503: checking the maximum length of command line arguments
configure:5634: result: 1572864
configure:5682: checking how to convert aarch64-unknown-linux-gnu file names to aarch64-unknown-linux-gnu format
configure:5722: result: func_convert_file_noop
configure:5729: checking how to convert aarch64-unknown-linux-gnu file names to toolchain format
configure:5749: result: func_convert_file_noop
configure:5756: checking for /usr/bin/ld option to reload object files
configure:5763: result: -r
configure:5837: checking for objdump
configure:5853: found /usr/bin/objdump
configure:5864: result: objdump
configure:5896: checking how to recognize dependent libraries
configure:6096: result: pass_all
configure:6181: checking for dlltool
configure:6211: result: no
configure:6241: checking how to associate runtime and link libraries
configure:6268: result: printf %s\n
configure:6328: checking for ar
configure:6344: found /usr/bin/ar
configure:6355: result: ar
configure:6392: checking for archiver @FILE support
configure:6409: gcc -c -g -O2  conftest.c >&5
configure:6409: $? = 0
configure:6412: ar cru libconftest.a @conftest.lst >&5
ar: `u' modifier ignored since `D' is the default (see `U')
configure:6415: $? = 0
configure:6420: ar cru libconftest.a @conftest.lst >&5
ar: `u' modifier ignored since `D' is the default (see `U')
ar: conftest.o: No such file or directory
configure:6423: $? = 1
configure:6435: result: @
configure:6493: checking for strip
configure:6509: found /usr/bin/strip
configure:6520: result: strip
configure:6592: checking for ranlib
configure:6608: found /usr/bin/ranlib
configure:6619: result: ranlib
configure:6721: checking command to parse /usr/bin/nm -B output from gcc object
configure:6874: gcc -c -g -O2  conftest.c >&5
configure:6877: $? = 0
configure:6881: /usr/bin/nm -B conftest.o \| sed -n -e 's/^.*[ ]\([ABCDGIRSTW][ABCDGIRSTW]*\)[ ][ ]*\([_A-Za-z][_A-Za-z0-9]*\)$/\1 \2 \2/p' | sed '/ __gnu_lto/d' \> conftest.nm
configure:6884: $? = 0
configure:6950: gcc -o conftest -g -O2   conftest.c conftstm.o >&5
configure:6953: $? = 0
configure:6991: result: ok
configure:7038: checking for sysroot
configure:7068: result: no
configure:7075: checking for a working dd
configure:7113: result: /usr/bin/dd
configure:7117: checking how to truncate binary pipes
configure:7132: result: /usr/bin/dd bs=4096 count=1
configure:7461: checking for mt
configure:7477: found /usr/bin/mt
configure:7488: result: mt
configure:7511: checking if mt is a manifest tool
configure:7517: mt '-?'
configure:7525: result: no
configure:8199: checking for dlfcn.h
configure:8199: gcc -c -g -O2  conftest.c >&5
configure:8199: $? = 0
configure:8199: result: yes
configure:8455: checking for objdir
configure:8470: result: .libs
configure:8734: checking if gcc supports -fno-rtti -fno-exceptions
configure:8752: gcc -c -g -O2  -fno-rtti -fno-exceptions conftest.c >&5
cc1: warning: command-line option '-fno-rtti' is valid for C++/D/ObjC++ but not for C
configure:8756: $? = 0
configure:8769: result: no
configure:9127: checking for gcc option to produce PIC
configure:9134: result: -fPIC -DPIC
configure:9142: checking if gcc PIC flag -fPIC -DPIC works
configure:9160: gcc -c -g -O2  -fPIC -DPIC -DPIC conftest.c >&5
configure:9164: $? = 0
configure:9177: result: yes
configure:9206: checking if gcc static flag -static works
configure:9234: result: yes
configure:9249: checking if gcc supports -c -o file.o
configure:9270: gcc -c -g -O2  -o out/conftest2.o conftest.c >&5
configure:9274: $? = 0
configure:9296: result: yes
configure:9304: checking if gcc supports -c -o file.o
configure:9351: result: yes
configure:9384: checking whether the gcc linker (/usr/bin/ld) supports shared libraries
configure:10643: result: yes
configure:10680: checking whether -lc should be explicitly linked in
configure:10688: gcc -c -g -O2  conftest.c >&5
configure:10691: $? = 0
configure:10706: gcc -shared  -fPIC -DPIC conftest.o  -v -Wl,-soname -Wl,conftest -o conftest 2\>\&1 \| /usr/bin/grep  -lc  \>/dev/null 2\>\&1
configure:10709: $? = 0
configure:10723: result: no
configure:10883: checking dynamic linker characteristics
configure:11464: gcc -o conftest -g -O2   -Wl,-rpath -Wl,/foo conftest.c  >&5
configure:11464: $? = 0
configure:11704: result: GNU/Linux ld.so
configure:11826: checking how to hardcode library paths into programs
configure:11851: result: immediate
configure:12399: checking whether stripping libraries is possible
configure:12404: result: yes
configure:12439: checking if libtool supports shared libraries
configure:12441: result: yes
configure:12444: checking whether to build shared libraries
configure:12469: result: yes
configure:12472: checking whether to build static libraries
configure:12476: result: yes
configure:12527: checking for pid_t
configure:12527: gcc -c -g -O2  conftest.c >&5
configure:12527: $? = 0
configure:12527: gcc -c -g -O2  conftest.c >&5
conftest.c: In function 'main':
conftest.c:65:20: error: expected expression before ')' token
   65 | if (sizeof ((pid_t)))
      |                    ^
configure:12527: $? = 1
configure: failed program was:
| /* confdefs.h */
| #define PACKAGE_NAME "nm-applet"
| #define PACKAGE_TARNAME "network-manager-applet"
| #define PACKAGE_VERSION "1.20.0"
| #define PACKAGE_STRING "nm-applet 1.20.0"
| #define PACKAGE_BUGREPORT "https://gitlab.gnome.org/GNOME/network-manager-applet/issues"
| #define PACKAGE_URL ""
| #define PACKAGE "network-manager-applet"
| #define VERSION "1.20.0"
| #define STDC_HEADERS 1
| #define HAVE_SYS_TYPES_H 1
| #define HAVE_SYS_STAT_H 1
| #define HAVE_STDLIB_H 1
| #define HAVE_STRING_H 1
| #define HAVE_MEMORY_H 1
| #define HAVE_STRINGS_H 1
| #define HAVE_INTTYPES_H 1
| #define HAVE_STDINT_H 1
| #define HAVE_UNISTD_H 1
| #define __EXTENSIONS__ 1
| #define _ALL_SOURCE 1
| #define _GNU_SOURCE 1
| #define _POSIX_PTHREAD_SEMANTICS 1
| #define _TANDEM_SOURCE 1
| #define HAVE_DLFCN_H 1
| #define LT_OBJDIR ".libs/"
| #define NMA_GIT_SHA "7716fa26607ee97609d222e2dc3ab6917e8f6059"
| /* end confdefs.h.  */
| #include <stdio.h>
| #ifdef HAVE_SYS_TYPES_H
| # include <sys/types.h>
| #endif
| #ifdef HAVE_SYS_STAT_H
| # include <sys/stat.h>
| #endif
| #ifdef STDC_HEADERS
| # include <stdlib.h>
| # include <stddef.h>
| #else
| # ifdef HAVE_STDLIB_H
| #  include <stdlib.h>
| # endif
| #endif
| #ifdef HAVE_STRING_H
| # if !defined STDC_HEADERS && defined HAVE_MEMORY_H
| #  include <memory.h>
| # endif
| # include <string.h>
| #endif
| #ifdef HAVE_STRINGS_H
| # include <strings.h>
| #endif
| #ifdef HAVE_INTTYPES_H
| # include <inttypes.h>
| #endif
| #ifdef HAVE_STDINT_H
| # include <stdint.h>
| #endif
| #ifdef HAVE_UNISTD_H
| # include <unistd.h>
| #endif
| int
| main ()
| {
| if (sizeof ((pid_t)))
| 	    return 0;
|   ;
|   return 0;
| }
configure:12527: result: yes
configure:12547: checking whether NLS is requested
configure:12556: result: yes
configure:12597: checking for msgfmt
configure: trying /usr/bin/msgfmt...
0 translated messages.
configure:12629: result: /usr/bin/msgfmt
configure:12638: checking for gmsgfmt
configure:12669: result: /usr/bin/msgfmt
configure:12720: checking for xgettext
configure: trying /usr/bin/xgettext...
/usr/bin/xgettext: warning: file '/dev/null' extension '' is unknown; will try C
configure:12752: result: /usr/bin/xgettext
configure:12798: checking for msgmerge
configure: trying /usr/bin/msgmerge...
configure:12829: result: /usr/bin/msgmerge
configure:12886: checking for ld used by GCC
configure:12950: result: /usr/bin/ld
configure:12957: checking if the linker (/usr/bin/ld) is GNU ld
configure:12970: result: yes
configure:12977: checking for shared library run path origin
configure:12990: result: done
configure:13562: checking for CFPreferencesCopyAppValue
configure:13580: gcc -o conftest -g -O2   conftest.c  -Wl,-framework -Wl,CoreFoundation >&5
conftest.c:29:10: fatal error: CoreFoundation/CFPreferences.h: No such file or directory
   29 | #include <CoreFoundation/CFPreferences.h>
      |          ^~~~~~~~~~~~~~~~~~~~~~~~~~~~~~~~
compilation terminated.
configure:13580: $? = 1
configure: failed program was:
| /* confdefs.h */
| #define PACKAGE_NAME "nm-applet"
| #define PACKAGE_TARNAME "network-manager-applet"
| #define PACKAGE_VERSION "1.20.0"
| #define PACKAGE_STRING "nm-applet 1.20.0"
| #define PACKAGE_BUGREPORT "https://gitlab.gnome.org/GNOME/network-manager-applet/issues"
| #define PACKAGE_URL ""
| #define PACKAGE "network-manager-applet"
| #define VERSION "1.20.0"
| #define STDC_HEADERS 1
| #define HAVE_SYS_TYPES_H 1
| #define HAVE_SYS_STAT_H 1
| #define HAVE_STDLIB_H 1
| #define HAVE_STRING_H 1
| #define HAVE_MEMORY_H 1
| #define HAVE_STRINGS_H 1
| #define HAVE_INTTYPES_H 1
| #define HAVE_STDINT_H 1
| #define HAVE_UNISTD_H 1
| #define __EXTENSIONS__ 1
| #define _ALL_SOURCE 1
| #define _GNU_SOURCE 1
| #define _POSIX_PTHREAD_SEMANTICS 1
| #define _TANDEM_SOURCE 1
| #define HAVE_DLFCN_H 1
| #define LT_OBJDIR ".libs/"
| #define NMA_GIT_SHA "7716fa26607ee97609d222e2dc3ab6917e8f6059"
| /* end confdefs.h.  */
| #include <CoreFoundation/CFPreferences.h>
| int
| main ()
| {
| CFPreferencesCopyAppValue(NULL, NULL)
|   ;
|   return 0;
| }
configure:13589: result: no
configure:13596: checking for CFLocaleCopyCurrent
configure:13614: gcc -o conftest -g -O2   conftest.c  -Wl,-framework -Wl,CoreFoundation >&5
conftest.c:29:10: fatal error: CoreFoundation/CFLocale.h: No such file or directory
   29 | #include <CoreFoundation/CFLocale.h>
      |          ^~~~~~~~~~~~~~~~~~~~~~~~~~~
compilation terminated.
configure:13614: $? = 1
configure: failed program was:
| /* confdefs.h */
| #define PACKAGE_NAME "nm-applet"
| #define PACKAGE_TARNAME "network-manager-applet"
| #define PACKAGE_VERSION "1.20.0"
| #define PACKAGE_STRING "nm-applet 1.20.0"
| #define PACKAGE_BUGREPORT "https://gitlab.gnome.org/GNOME/network-manager-applet/issues"
| #define PACKAGE_URL ""
| #define PACKAGE "network-manager-applet"
| #define VERSION "1.20.0"
| #define STDC_HEADERS 1
| #define HAVE_SYS_TYPES_H 1
| #define HAVE_SYS_STAT_H 1
| #define HAVE_STDLIB_H 1
| #define HAVE_STRING_H 1
| #define HAVE_MEMORY_H 1
| #define HAVE_STRINGS_H 1
| #define HAVE_INTTYPES_H 1
| #define HAVE_STDINT_H 1
| #define HAVE_UNISTD_H 1
| #define __EXTENSIONS__ 1
| #define _ALL_SOURCE 1
| #define _GNU_SOURCE 1
| #define _POSIX_PTHREAD_SEMANTICS 1
| #define _TANDEM_SOURCE 1
| #define HAVE_DLFCN_H 1
| #define LT_OBJDIR ".libs/"
| #define NMA_GIT_SHA "7716fa26607ee97609d222e2dc3ab6917e8f6059"
| /* end confdefs.h.  */
| #include <CoreFoundation/CFLocale.h>
| int
| main ()
| {
| CFLocaleCopyCurrent();
|   ;
|   return 0;
| }
configure:13623: result: no
configure:13672: checking for GNU gettext in libc
configure:13692: gcc -o conftest -g -O2   conftest.c  >&5
configure:13692: $? = 0
configure:13701: result: yes
configure:14492: checking whether to use NLS
configure:14494: result: yes
configure:14497: checking where the gettext function comes from
configure:14508: result: libc
configure:14577: checking for LIBNM
configure:14584: $PKG_CONFIG --exists --print-errors "libnm >= 1.15 gio-2.0 >= 2.38 gmodule-export-2.0"
configure:14587: $? = 0
configure:14601: $PKG_CONFIG --exists --print-errors "libnm >= 1.15 gio-2.0 >= 2.38 gmodule-export-2.0"
configure:14604: $? = 0
configure:14662: result: yes
configure:14673: checking for LIBNMA
configure:14680: $PKG_CONFIG --exists --print-errors "libnma >= 1.8.27"
configure:14683: $? = 0
configure:14697: $PKG_CONFIG --exists --print-errors "libnma >= 1.8.27"
configure:14700: $? = 0
configure:14758: result: yes
configure:14767: checking for LIBSECRET
configure:14774: $PKG_CONFIG --exists --print-errors "libsecret-1 >= 0.18"
configure:14777: $? = 0
configure:14791: $PKG_CONFIG --exists --print-errors "libsecret-1 >= 0.18"
configure:14794: $? = 0
configure:14852: result: yes
configure:14860: checking for LIBNOTIFY_07
configure:14867: $PKG_CONFIG --exists --print-errors "libnotify >= 0.7"
configure:14870: $? = 0
configure:14884: $PKG_CONFIG --exists --print-errors "libnotify >= 0.7"
configure:14887: $? = 0
configure:14925: result: yes
configure:14936: checking for NOTIFY
configure:14943: $PKG_CONFIG --exists --print-errors "libnotify >= 0.4.3"
configure:14946: $? = 0
configure:14960: $PKG_CONFIG --exists --print-errors "libnotify >= 0.4.3"
configure:14963: $? = 0
configure:15021: result: yes
configure:15028: checking for GTK3
configure:15035: $PKG_CONFIG --exists --print-errors "gtk+-3.0 >= 3.10"
configure:15038: $? = 0
configure:15052: $PKG_CONFIG --exists --print-errors "gtk+-3.0 >= 3.10"
configure:15055: $? = 0
configure:15113: result: yes
configure:15131: checking for APPINDICATOR
configure:15138: $PKG_CONFIG --exists --print-errors "ayatana-appindicator3-0.1"
configure:15141: $? = 0
configure:15155: $PKG_CONFIG --exists --print-errors "ayatana-appindicator3-0.1"
configure:15158: $? = 0
configure:15196: result: yes
configure:15467: checking for DBUSMENU
configure:15474: $PKG_CONFIG --exists --print-errors "dbusmenu-gtk3-0.4 >= 16.04.0"
configure:15477: $? = 0
configure:15491: $PKG_CONFIG --exists --print-errors "dbusmenu-gtk3-0.4 >= 16.04.0"
configure:15494: $? = 0
configure:15552: result: yes
configure:15676: checking for MM_GLIB
configure:15683: $PKG_CONFIG --exists --print-errors "mm-glib"
configure:15686: $? = 0
configure:15700: $PKG_CONFIG --exists --print-errors "mm-glib"
configure:15703: $? = 0
configure:15741: result: yes
configure:15760: checking for GUDEV
configure:15767: $PKG_CONFIG --exists --print-errors "gudev-1.0 >= 147"
configure:15770: $? = 0
configure:15784: $PKG_CONFIG --exists --print-errors "gudev-1.0 >= 147"
configure:15787: $? = 0
configure:15845: result: yes
configure:15863: checking for SELINUX
configure:15870: $PKG_CONFIG --exists --print-errors "libselinux"
configure:15873: $? = 0
configure:15887: $PKG_CONFIG --exists --print-errors "libselinux"
configure:15890: $? = 0
configure:15928: result: yes
configure:15958: checking for JANSSON
configure:15965: $PKG_CONFIG --exists --print-errors "jansson >= 2.7"
configure:15968: $? = 0
configure:15982: $PKG_CONFIG --exists --print-errors "jansson >= 2.7"
configure:15985: $? = 0
configure:16023: result: yes
configure:16048: checking for GLIB
configure:16055: $PKG_CONFIG --exists --print-errors "$pkg_config_args"
configure:16058: $? = 0
configure:16072: $PKG_CONFIG --exists --print-errors "$pkg_config_args"
configure:16075: $? = 0
configure:16133: result: yes
configure:16218: checking for pkg-config
configure:16248: result: /usr/bin/pkg-config
configure:16273: checking pkg-config is at least version 0.16
configure:16276: result: yes
configure:16292: $PKG_CONFIG --exists --print-errors "gio-2.0"
configure:16295: $? = 0
configure:16475: checking for pkg-config
configure:16505: result: /usr/bin/pkg-config
configure:16530: checking pkg-config is at least version 0.16
configure:16533: result: yes
configure:16665: checking for glib-compile-resources
configure:16683: found /usr/bin/glib-compile-resources
configure:16695: result: /usr/bin/glib-compile-resources
configure:16711: checking for more warnings
configure:16714: result: yes
configure:16723: gcc -c -g -O2 -Qunused-arguments  conftest.c >&5
gcc: error: unrecognized command-line option '-Qunused-arguments'
configure:16723: $? = 1
configure: failed program was:
| /* confdefs.h */
| #define PACKAGE_NAME "nm-applet"
| #define PACKAGE_TARNAME "network-manager-applet"
| #define PACKAGE_VERSION "1.20.0"
| #define PACKAGE_STRING "nm-applet 1.20.0"
| #define PACKAGE_BUGREPORT "https://gitlab.gnome.org/GNOME/network-manager-applet/issues"
| #define PACKAGE_URL ""
| #define PACKAGE "network-manager-applet"
| #define VERSION "1.20.0"
| #define STDC_HEADERS 1
| #define HAVE_SYS_TYPES_H 1
| #define HAVE_SYS_STAT_H 1
| #define HAVE_STDLIB_H 1
| #define HAVE_STRING_H 1
| #define HAVE_MEMORY_H 1
| #define HAVE_STRINGS_H 1
| #define HAVE_INTTYPES_H 1
| #define HAVE_STDINT_H 1
| #define HAVE_UNISTD_H 1
| #define __EXTENSIONS__ 1
| #define _ALL_SOURCE 1
| #define _GNU_SOURCE 1
| #define _POSIX_PTHREAD_SEMANTICS 1
| #define _TANDEM_SOURCE 1
| #define HAVE_DLFCN_H 1
| #define LT_OBJDIR ".libs/"
| #define NMA_GIT_SHA "7716fa26607ee97609d222e2dc3ab6917e8f6059"
| #define ENABLE_NLS 1
| #define HAVE_GETTEXT 1
| #define HAVE_DCGETTEXT 1
| #define GETTEXT_PACKAGE "nm-applet"
| #define HAVE_LIBNOTIFY_07 1
| #define WITH_APPINDICATOR 1
| #define USE_AYATANA_INDICATORS 1
| #define WITH_WWAN 1
| #define WITH_SELINUX 1
| #define WITH_JANSSON 1
| /* end confdefs.h.  */
| 
configure:16735: checking whether -Wunknown-warning-option works as expected
configure:16742: gcc -c -g -O2 -I/usr/include/glib-2.0 -I/usr/lib/aarch64-linux-gnu/glib-2.0/include -DG_DISABLE_SINGLE_INCLUDES -Werror -Wunknown-warning-option  conftest.c >&5
gcc: error: unrecognized command-line option '-Wunknown-warning-option'
configure:16742: $? = 1
configure: failed program was:
| /* confdefs.h */
| #define PACKAGE_NAME "nm-applet"
| #define PACKAGE_TARNAME "network-manager-applet"
| #define PACKAGE_VERSION "1.20.0"
| #define PACKAGE_STRING "nm-applet 1.20.0"
| #define PACKAGE_BUGREPORT "https://gitlab.gnome.org/GNOME/network-manager-applet/issues"
| #define PACKAGE_URL ""
| #define PACKAGE "network-manager-applet"
| #define VERSION "1.20.0"
| #define STDC_HEADERS 1
| #define HAVE_SYS_TYPES_H 1
| #define HAVE_SYS_STAT_H 1
| #define HAVE_STDLIB_H 1
| #define HAVE_STRING_H 1
| #define HAVE_MEMORY_H 1
| #define HAVE_STRINGS_H 1
| #define HAVE_INTTYPES_H 1
| #define HAVE_STDINT_H 1
| #define HAVE_UNISTD_H 1
| #define __EXTENSIONS__ 1
| #define _ALL_SOURCE 1
| #define _GNU_SOURCE 1
| #define _POSIX_PTHREAD_SEMANTICS 1
| #define _TANDEM_SOURCE 1
| #define HAVE_DLFCN_H 1
| #define LT_OBJDIR ".libs/"
| #define NMA_GIT_SHA "7716fa26607ee97609d222e2dc3ab6917e8f6059"
| #define ENABLE_NLS 1
| #define HAVE_GETTEXT 1
| #define HAVE_DCGETTEXT 1
| #define GETTEXT_PACKAGE "nm-applet"
| #define HAVE_LIBNOTIFY_07 1
| #define WITH_APPINDICATOR 1
| #define USE_AYATANA_INDICATORS 1
| #define WITH_WWAN 1
| #define WITH_SELINUX 1
| #define WITH_JANSSON 1
| /* end confdefs.h.  */
| 
configure:16767: result: not supported
configure:16812: checking whether -Wall "-Wextra" works as expected
configure:16819: gcc -c -g -O2 -I/usr/include/glib-2.0 -I/usr/lib/aarch64-linux-gnu/glib-2.0/include -DG_DISABLE_SINGLE_INCLUDES -Werror -Wall -Wextra  conftest.c >&5
configure:16819: $? = 0
configure:16825: gcc -c -g -O2 -I/usr/include/glib-2.0 -I/usr/lib/aarch64-linux-gnu/glib-2.0/include -DG_DISABLE_SINGLE_INCLUDES -Werror -Wall -Wextra  conftest.c >&5
configure:16825: $? = 0
configure:16827: result: yes
configure:16812: checking whether -Wall "-Wdeclaration-after-statement" works as expected
configure:16819: gcc -c -g -O2 -I/usr/include/glib-2.0 -I/usr/lib/aarch64-linux-gnu/glib-2.0/include -DG_DISABLE_SINGLE_INCLUDES -Werror -Wall -Wdeclaration-after-statement  conftest.c >&5
configure:16819: $? = 0
configure:16825: gcc -c -g -O2 -I/usr/include/glib-2.0 -I/usr/lib/aarch64-linux-gnu/glib-2.0/include -DG_DISABLE_SINGLE_INCLUDES -Werror -Wall -Wdeclaration-after-statement  conftest.c >&5
configure:16825: $? = 0
configure:16827: result: yes
configure:16812: checking whether -Wall "-Wfloat-equal" works as expected
configure:16819: gcc -c -g -O2 -I/usr/include/glib-2.0 -I/usr/lib/aarch64-linux-gnu/glib-2.0/include -DG_DISABLE_SINGLE_INCLUDES -Werror -Wall -Wfloat-equal  conftest.c >&5
configure:16819: $? = 0
configure:16825: gcc -c -g -O2 -I/usr/include/glib-2.0 -I/usr/lib/aarch64-linux-gnu/glib-2.0/include -DG_DISABLE_SINGLE_INCLUDES -Werror -Wall -Wfloat-equal  conftest.c >&5
configure:16825: $? = 0
configure:16827: result: yes
configure:16812: checking whether -Wall "-Wformat-nonliteral" works as expected
configure:16819: gcc -c -g -O2 -I/usr/include/glib-2.0 -I/usr/lib/aarch64-linux-gnu/glib-2.0/include -DG_DISABLE_SINGLE_INCLUDES -Werror -Wall -Wformat-nonliteral  conftest.c >&5
configure:16819: $? = 0
configure:16825: gcc -c -g -O2 -I/usr/include/glib-2.0 -I/usr/lib/aarch64-linux-gnu/glib-2.0/include -DG_DISABLE_SINGLE_INCLUDES -Werror -Wall -Wformat-nonliteral  conftest.c >&5
configure:16825: $? = 0
configure:16827: result: yes
configure:16812: checking whether -Wall "-Wformat-security" works as expected
configure:16819: gcc -c -g -O2 -I/usr/include/glib-2.0 -I/usr/lib/aarch64-linux-gnu/glib-2.0/include -DG_DISABLE_SINGLE_INCLUDES -Werror -Wall -Wformat-security  conftest.c >&5
configure:16819: $? = 0
configure:16825: gcc -c -g -O2 -I/usr/include/glib-2.0 -I/usr/lib/aarch64-linux-gnu/glib-2.0/include -DG_DISABLE_SINGLE_INCLUDES -Werror -Wall -Wformat-security  conftest.c >&5
configure:16825: $? = 0
configure:16827: result: yes
configure:16812: checking whether -Wall "-Wimplicit-fallthrough" works as expected
configure:16819: gcc -c -g -O2 -I/usr/include/glib-2.0 -I/usr/lib/aarch64-linux-gnu/glib-2.0/include -DG_DISABLE_SINGLE_INCLUDES -Werror -Wall -Wimplicit-fallthrough  conftest.c >&5
configure:16819: $? = 0
configure:16825: gcc -c -g -O2 -I/usr/include/glib-2.0 -I/usr/lib/aarch64-linux-gnu/glib-2.0/include -DG_DISABLE_SINGLE_INCLUDES -Werror -Wall -Wimplicit-fallthrough  conftest.c >&5
configure:16825: $? = 0
configure:16827: result: yes
configure:16812: checking whether -Wall "-Wimplicit-function-declaration" works as expected
configure:16819: gcc -c -g -O2 -I/usr/include/glib-2.0 -I/usr/lib/aarch64-linux-gnu/glib-2.0/include -DG_DISABLE_SINGLE_INCLUDES -Werror -Wall -Wimplicit-function-declaration  conftest.c >&5
configure:16819: $? = 0
configure:16825: gcc -c -g -O2 -I/usr/include/glib-2.0 -I/usr/lib/aarch64-linux-gnu/glib-2.0/include -DG_DISABLE_SINGLE_INCLUDES -Werror -Wall -Wimplicit-function-declaration  conftest.c >&5
configure:16825: $? = 0
configure:16827: result: yes
configure:16812: checking whether -Wall "-Winit-self" works as expected
configure:16819: gcc -c -g -O2 -I/usr/include/glib-2.0 -I/usr/lib/aarch64-linux-gnu/glib-2.0/include -DG_DISABLE_SINGLE_INCLUDES -Werror -Wall -Winit-self  conftest.c >&5
configure:16819: $? = 0
configure:16825: gcc -c -g -O2 -I/usr/include/glib-2.0 -I/usr/lib/aarch64-linux-gnu/glib-2.0/include -DG_DISABLE_SINGLE_INCLUDES -Werror -Wall -Winit-self  conftest.c >&5
configure:16825: $? = 0
configure:16827: result: yes
configure:16812: checking whether -Wall "-Wlogical-op" works as expected
configure:16819: gcc -c -g -O2 -I/usr/include/glib-2.0 -I/usr/lib/aarch64-linux-gnu/glib-2.0/include -DG_DISABLE_SINGLE_INCLUDES -Werror -Wall -Wlogical-op  conftest.c >&5
configure:16819: $? = 0
configure:16825: gcc -c -g -O2 -I/usr/include/glib-2.0 -I/usr/lib/aarch64-linux-gnu/glib-2.0/include -DG_DISABLE_SINGLE_INCLUDES -Werror -Wall -Wlogical-op  conftest.c >&5
configure:16825: $? = 0
configure:16827: result: yes
configure:16812: checking whether -Wall "-Wmissing-declarations" works as expected
configure:16819: gcc -c -g -O2 -I/usr/include/glib-2.0 -I/usr/lib/aarch64-linux-gnu/glib-2.0/include -DG_DISABLE_SINGLE_INCLUDES -Werror -Wall -Wmissing-declarations  conftest.c >&5
configure:16819: $? = 0
configure:16825: gcc -c -g -O2 -I/usr/include/glib-2.0 -I/usr/lib/aarch64-linux-gnu/glib-2.0/include -DG_DISABLE_SINGLE_INCLUDES -Werror -Wall -Wmissing-declarations  conftest.c >&5
configure:16825: $? = 0
configure:16827: result: yes
configure:16812: checking whether -Wall "-Wmissing-include-dirs" works as expected
configure:16819: gcc -c -g -O2 -I/usr/include/glib-2.0 -I/usr/lib/aarch64-linux-gnu/glib-2.0/include -DG_DISABLE_SINGLE_INCLUDES -Werror -Wall -Wmissing-include-dirs  conftest.c >&5
configure:16819: $? = 0
configure:16825: gcc -c -g -O2 -I/usr/include/glib-2.0 -I/usr/lib/aarch64-linux-gnu/glib-2.0/include -DG_DISABLE_SINGLE_INCLUDES -Werror -Wall -Wmissing-include-dirs  conftest.c >&5
configure:16825: $? = 0
configure:16827: result: yes
configure:16812: checking whether -Wall "-Wmissing-prototypes" works as expected
configure:16819: gcc -c -g -O2 -I/usr/include/glib-2.0 -I/usr/lib/aarch64-linux-gnu/glib-2.0/include -DG_DISABLE_SINGLE_INCLUDES -Werror -Wall -Wmissing-prototypes  conftest.c >&5
configure:16819: $? = 0
configure:16825: gcc -c -g -O2 -I/usr/include/glib-2.0 -I/usr/lib/aarch64-linux-gnu/glib-2.0/include -DG_DISABLE_SINGLE_INCLUDES -Werror -Wall -Wmissing-prototypes  conftest.c >&5
configure:16825: $? = 0
configure:16827: result: yes
configure:16812: checking whether -Wall "-Wpointer-arith" works as expected
configure:16819: gcc -c -g -O2 -I/usr/include/glib-2.0 -I/usr/lib/aarch64-linux-gnu/glib-2.0/include -DG_DISABLE_SINGLE_INCLUDES -Werror -Wall -Wpointer-arith  conftest.c >&5
configure:16819: $? = 0
configure:16825: gcc -c -g -O2 -I/usr/include/glib-2.0 -I/usr/lib/aarch64-linux-gnu/glib-2.0/include -DG_DISABLE_SINGLE_INCLUDES -Werror -Wall -Wpointer-arith  conftest.c >&5
configure:16825: $? = 0
configure:16827: result: yes
configure:16812: checking whether -Wall "-Wshadow" works as expected
configure:16819: gcc -c -g -O2 -I/usr/include/glib-2.0 -I/usr/lib/aarch64-linux-gnu/glib-2.0/include -DG_DISABLE_SINGLE_INCLUDES -Werror -Wall -Wshadow  conftest.c >&5
configure:16819: $? = 0
configure:16825: gcc -c -g -O2 -I/usr/include/glib-2.0 -I/usr/lib/aarch64-linux-gnu/glib-2.0/include -DG_DISABLE_SINGLE_INCLUDES -Werror -Wall -Wshadow  conftest.c >&5
configure:16825: $? = 0
configure:16827: result: yes
configure:16812: checking whether -Wall "-Wshift-negative-value" works as expected
configure:16819: gcc -c -g -O2 -I/usr/include/glib-2.0 -I/usr/lib/aarch64-linux-gnu/glib-2.0/include -DG_DISABLE_SINGLE_INCLUDES -Werror -Wall -Wshift-negative-value  conftest.c >&5
configure:16819: $? = 0
configure:16825: gcc -c -g -O2 -I/usr/include/glib-2.0 -I/usr/lib/aarch64-linux-gnu/glib-2.0/include -DG_DISABLE_SINGLE_INCLUDES -Werror -Wall -Wshift-negative-value  conftest.c >&5
configure:16825: $? = 0
configure:16827: result: yes
configure:16812: checking whether -Wall "-Wstrict-prototypes" works as expected
configure:16819: gcc -c -g -O2 -I/usr/include/glib-2.0 -I/usr/lib/aarch64-linux-gnu/glib-2.0/include -DG_DISABLE_SINGLE_INCLUDES -Werror -Wall -Wstrict-prototypes  conftest.c >&5
configure:16819: $? = 0
configure:16825: gcc -c -g -O2 -I/usr/include/glib-2.0 -I/usr/lib/aarch64-linux-gnu/glib-2.0/include -DG_DISABLE_SINGLE_INCLUDES -Werror -Wall -Wstrict-prototypes  conftest.c >&5
configure:16825: $? = 0
configure:16827: result: yes
configure:16812: checking whether -Wall "-Wundef" works as expected
configure:16819: gcc -c -g -O2 -I/usr/include/glib-2.0 -I/usr/lib/aarch64-linux-gnu/glib-2.0/include -DG_DISABLE_SINGLE_INCLUDES -Werror -Wall -Wundef  conftest.c >&5
configure:16819: $? = 0
configure:16825: gcc -c -g -O2 -I/usr/include/glib-2.0 -I/usr/lib/aarch64-linux-gnu/glib-2.0/include -DG_DISABLE_SINGLE_INCLUDES -Werror -Wall -Wundef  conftest.c >&5
configure:16825: $? = 0
configure:16827: result: yes
configure:16812: checking whether -Wall "-Wvla" works as expected
configure:16819: gcc -c -g -O2 -I/usr/include/glib-2.0 -I/usr/lib/aarch64-linux-gnu/glib-2.0/include -DG_DISABLE_SINGLE_INCLUDES -Werror -Wall -Wvla  conftest.c >&5
configure:16819: $? = 0
configure:16825: gcc -c -g -O2 -I/usr/include/glib-2.0 -I/usr/lib/aarch64-linux-gnu/glib-2.0/include -DG_DISABLE_SINGLE_INCLUDES -Werror -Wall -Wvla  conftest.c >&5
configure:16825: $? = 0
configure:16827: result: yes
configure:16812: checking whether -Wall "-Wno-duplicate-decl-specifier" works as expected
configure:16819: gcc -c -g -O2 -I/usr/include/glib-2.0 -I/usr/lib/aarch64-linux-gnu/glib-2.0/include -DG_DISABLE_SINGLE_INCLUDES -Werror -Wall -Wduplicate-decl-specifier  conftest.c >&5
configure:16819: $? = 0
configure:16825: gcc -c -g -O2 -I/usr/include/glib-2.0 -I/usr/lib/aarch64-linux-gnu/glib-2.0/include -DG_DISABLE_SINGLE_INCLUDES -Werror -Wall -Wduplicate-decl-specifier  conftest.c >&5
configure:16825: $? = 0
configure:16827: result: yes
configure:16812: checking whether -Wall "-Wno-format-truncation" works as expected
configure:16819: gcc -c -g -O2 -I/usr/include/glib-2.0 -I/usr/lib/aarch64-linux-gnu/glib-2.0/include -DG_DISABLE_SINGLE_INCLUDES -Werror -Wall -Wformat-truncation  conftest.c >&5
configure:16819: $? = 0
configure:16825: gcc -c -g -O2 -I/usr/include/glib-2.0 -I/usr/lib/aarch64-linux-gnu/glib-2.0/include -DG_DISABLE_SINGLE_INCLUDES -Werror -Wall -Wformat-truncation  conftest.c >&5
configure:16825: $? = 0
configure:16827: result: yes
configure:16812: checking whether -Wall "-Wno-format-y2k" works as expected
configure:16819: gcc -c -g -O2 -I/usr/include/glib-2.0 -I/usr/lib/aarch64-linux-gnu/glib-2.0/include -DG_DISABLE_SINGLE_INCLUDES -Werror -Wall -Wformat-y2k  conftest.c >&5
configure:16819: $? = 0
configure:16825: gcc -c -g -O2 -I/usr/include/glib-2.0 -I/usr/lib/aarch64-linux-gnu/glib-2.0/include -DG_DISABLE_SINGLE_INCLUDES -Werror -Wall -Wformat-y2k  conftest.c >&5
configure:16825: $? = 0
configure:16827: result: yes
configure:16812: checking whether -Wall "-Wno-missing-field-initializers" works as expected
configure:16819: gcc -c -g -O2 -I/usr/include/glib-2.0 -I/usr/lib/aarch64-linux-gnu/glib-2.0/include -DG_DISABLE_SINGLE_INCLUDES -Werror -Wall -Wmissing-field-initializers  conftest.c >&5
configure:16819: $? = 0
configure:16825: gcc -c -g -O2 -I/usr/include/glib-2.0 -I/usr/lib/aarch64-linux-gnu/glib-2.0/include -DG_DISABLE_SINGLE_INCLUDES -Werror -Wall -Wmissing-field-initializers  conftest.c >&5
configure:16825: $? = 0
configure:16827: result: yes
configure:16812: checking whether -Wall "-Wno-pragmas" works as expected
configure:16819: gcc -c -g -O2 -I/usr/include/glib-2.0 -I/usr/lib/aarch64-linux-gnu/glib-2.0/include -DG_DISABLE_SINGLE_INCLUDES -Werror -Wall -Wpragmas  conftest.c >&5
configure:16819: $? = 0
configure:16825: gcc -c -g -O2 -I/usr/include/glib-2.0 -I/usr/lib/aarch64-linux-gnu/glib-2.0/include -DG_DISABLE_SINGLE_INCLUDES -Werror -Wall -Wpragmas  conftest.c >&5
configure:16825: $? = 0
configure:16827: result: yes
configure:16812: checking whether -Wall "-Wno-sign-compare" works as expected
configure:16819: gcc -c -g -O2 -I/usr/include/glib-2.0 -I/usr/lib/aarch64-linux-gnu/glib-2.0/include -DG_DISABLE_SINGLE_INCLUDES -Werror -Wall -Wsign-compare  conftest.c >&5
configure:16819: $? = 0
configure:16825: gcc -c -g -O2 -I/usr/include/glib-2.0 -I/usr/lib/aarch64-linux-gnu/glib-2.0/include -DG_DISABLE_SINGLE_INCLUDES -Werror -Wall -Wsign-compare  conftest.c >&5
configure:16825: $? = 0
configure:16827: result: yes
configure:16812: checking whether -Wall "-Wno-unused-parameter" works as expected
configure:16819: gcc -c -g -O2 -I/usr/include/glib-2.0 -I/usr/lib/aarch64-linux-gnu/glib-2.0/include -DG_DISABLE_SINGLE_INCLUDES -Werror -Wall -Wunused-parameter  conftest.c >&5
configure:16819: $? = 0
configure:16825: gcc -c -g -O2 -I/usr/include/glib-2.0 -I/usr/lib/aarch64-linux-gnu/glib-2.0/include -DG_DISABLE_SINGLE_INCLUDES -Werror -Wall -Wunused-parameter  conftest.c >&5
configure:16825: $? = 0
configure:16827: result: yes
configure:16859: checking whether -Wunknown-attributes works as expected
configure:16866: gcc -c -g -O2 -I/usr/include/glib-2.0 -I/usr/lib/aarch64-linux-gnu/glib-2.0/include -DG_DISABLE_SINGLE_INCLUDES -Werror -Wunknown-attributes  conftest.c >&5
gcc: error: unrecognized command-line option '-Wunknown-attributes'; did you mean '-Wno-attributes'?
configure:16866: $? = 1
configure: failed program was:
| /* confdefs.h */
| #define PACKAGE_NAME "nm-applet"
| #define PACKAGE_TARNAME "network-manager-applet"
| #define PACKAGE_VERSION "1.20.0"
| #define PACKAGE_STRING "nm-applet 1.20.0"
| #define PACKAGE_BUGREPORT "https://gitlab.gnome.org/GNOME/network-manager-applet/issues"
| #define PACKAGE_URL ""
| #define PACKAGE "network-manager-applet"
| #define VERSION "1.20.0"
| #define STDC_HEADERS 1
| #define HAVE_SYS_TYPES_H 1
| #define HAVE_SYS_STAT_H 1
| #define HAVE_STDLIB_H 1
| #define HAVE_STRING_H 1
| #define HAVE_MEMORY_H 1
| #define HAVE_STRINGS_H 1
| #define HAVE_INTTYPES_H 1
| #define HAVE_STDINT_H 1
| #define HAVE_UNISTD_H 1
| #define __EXTENSIONS__ 1
| #define _ALL_SOURCE 1
| #define _GNU_SOURCE 1
| #define _POSIX_PTHREAD_SEMANTICS 1
| #define _TANDEM_SOURCE 1
| #define HAVE_DLFCN_H 1
| #define LT_OBJDIR ".libs/"
| #define NMA_GIT_SHA "7716fa26607ee97609d222e2dc3ab6917e8f6059"
| #define ENABLE_NLS 1
| #define HAVE_GETTEXT 1
| #define HAVE_DCGETTEXT 1
| #define GETTEXT_PACKAGE "nm-applet"
| #define HAVE_LIBNOTIFY_07 1
| #define WITH_APPINDICATOR 1
| #define USE_AYATANA_INDICATORS 1
| #define WITH_WWAN 1
| #define WITH_SELINUX 1
| #define WITH_JANSSON 1
| /* end confdefs.h.  */
| 
configure:16891: result: not supported
configure:16904: checking whether -Wtypedef-redefinition works as expected
configure:16911: gcc -c -g -O2 -I/usr/include/glib-2.0 -I/usr/lib/aarch64-linux-gnu/glib-2.0/include -DG_DISABLE_SINGLE_INCLUDES -Werror -Wtypedef-redefinition  conftest.c >&5
gcc: error: unrecognized command-line option '-Wtypedef-redefinition'
configure:16911: $? = 1
configure: failed program was:
| /* confdefs.h */
| #define PACKAGE_NAME "nm-applet"
| #define PACKAGE_TARNAME "network-manager-applet"
| #define PACKAGE_VERSION "1.20.0"
| #define PACKAGE_STRING "nm-applet 1.20.0"
| #define PACKAGE_BUGREPORT "https://gitlab.gnome.org/GNOME/network-manager-applet/issues"
| #define PACKAGE_URL ""
| #define PACKAGE "network-manager-applet"
| #define VERSION "1.20.0"
| #define STDC_HEADERS 1
| #define HAVE_SYS_TYPES_H 1
| #define HAVE_SYS_STAT_H 1
| #define HAVE_STDLIB_H 1
| #define HAVE_STRING_H 1
| #define HAVE_MEMORY_H 1
| #define HAVE_STRINGS_H 1
| #define HAVE_INTTYPES_H 1
| #define HAVE_STDINT_H 1
| #define HAVE_UNISTD_H 1
| #define __EXTENSIONS__ 1
| #define _ALL_SOURCE 1
| #define _GNU_SOURCE 1
| #define _POSIX_PTHREAD_SEMANTICS 1
| #define _TANDEM_SOURCE 1
| #define HAVE_DLFCN_H 1
| #define LT_OBJDIR ".libs/"
| #define NMA_GIT_SHA "7716fa26607ee97609d222e2dc3ab6917e8f6059"
| #define ENABLE_NLS 1
| #define HAVE_GETTEXT 1
| #define HAVE_DCGETTEXT 1
| #define GETTEXT_PACKAGE "nm-applet"
| #define HAVE_LIBNOTIFY_07 1
| #define WITH_APPINDICATOR 1
| #define USE_AYATANA_INDICATORS 1
| #define WITH_WWAN 1
| #define WITH_SELINUX 1
| #define WITH_JANSSON 1
| /* end confdefs.h.  */
| 
configure:16936: result: not supported
configure:16949: checking whether -Warray-bounds works as expected
configure:16956: gcc -c -g -O2 -I/usr/include/glib-2.0 -I/usr/lib/aarch64-linux-gnu/glib-2.0/include -DG_DISABLE_SINGLE_INCLUDES -Werror -Warray-bounds  conftest.c >&5
configure:16956: $? = 0
configure:16964: gcc -c -g -O2 -I/usr/include/glib-2.0 -I/usr/lib/aarch64-linux-gnu/glib-2.0/include -DG_DISABLE_SINGLE_INCLUDES -Werror -Warray-bounds  conftest.c >&5
configure:16964: $? = 0
configure:16966: result: yes
configure:16996: checking whether -Wparentheses-equality works as expected
configure:17003: gcc -c -g -O2 -Warray-bounds -I/usr/include/glib-2.0 -I/usr/lib/aarch64-linux-gnu/glib-2.0/include -DG_DISABLE_SINGLE_INCLUDES -Werror -Wparentheses-equality  conftest.c >&5
gcc: error: unrecognized command-line option '-Wparentheses-equality'
configure:17003: $? = 1
configure: failed program was:
| /* confdefs.h */
| #define PACKAGE_NAME "nm-applet"
| #define PACKAGE_TARNAME "network-manager-applet"
| #define PACKAGE_VERSION "1.20.0"
| #define PACKAGE_STRING "nm-applet 1.20.0"
| #define PACKAGE_BUGREPORT "https://gitlab.gnome.org/GNOME/network-manager-applet/issues"
| #define PACKAGE_URL ""
| #define PACKAGE "network-manager-applet"
| #define VERSION "1.20.0"
| #define STDC_HEADERS 1
| #define HAVE_SYS_TYPES_H 1
| #define HAVE_SYS_STAT_H 1
| #define HAVE_STDLIB_H 1
| #define HAVE_STRING_H 1
| #define HAVE_MEMORY_H 1
| #define HAVE_STRINGS_H 1
| #define HAVE_INTTYPES_H 1
| #define HAVE_STDINT_H 1
| #define HAVE_UNISTD_H 1
| #define __EXTENSIONS__ 1
| #define _ALL_SOURCE 1
| #define _GNU_SOURCE 1
| #define _POSIX_PTHREAD_SEMANTICS 1
| #define _TANDEM_SOURCE 1
| #define HAVE_DLFCN_H 1
| #define LT_OBJDIR ".libs/"
| #define NMA_GIT_SHA "7716fa26607ee97609d222e2dc3ab6917e8f6059"
| #define ENABLE_NLS 1
| #define HAVE_GETTEXT 1
| #define HAVE_DCGETTEXT 1
| #define GETTEXT_PACKAGE "nm-applet"
| #define HAVE_LIBNOTIFY_07 1
| #define WITH_APPINDICATOR 1
| #define USE_AYATANA_INDICATORS 1
| #define WITH_WWAN 1
| #define WITH_SELINUX 1
| #define WITH_JANSSON 1
| /* end confdefs.h.  */
| 
configure:17030: result: not supported
configure:17043: checking whether -Wunused-value works as expected
configure:17050: gcc -c -g -O2 -Warray-bounds -I/usr/include/glib-2.0 -I/usr/lib/aarch64-linux-gnu/glib-2.0/include -DG_DISABLE_SINGLE_INCLUDES -Werror -Wunused-value  conftest.c >&5
configure:17050: $? = 0
configure:17058: gcc -c -g -O2 -Warray-bounds -I/usr/include/glib-2.0 -I/usr/lib/aarch64-linux-gnu/glib-2.0/include -DG_DISABLE_SINGLE_INCLUDES -Werror -Wunused-value  conftest.c >&5
configure:17058: $? = 0
configure:17060: result: yes
configure:17090: checking whether -Wmissing-braces works as expected
configure:17097: gcc -c -g -O2 -Warray-bounds -Wunused-value -I/usr/include/glib-2.0 -I/usr/lib/aarch64-linux-gnu/glib-2.0/include -DG_DISABLE_SINGLE_INCLUDES -Werror -Wmissing-braces  conftest.c >&5
configure:17097: $? = 0
configure:17104: gcc -c -g -O2 -Warray-bounds -Wunused-value -I/usr/include/glib-2.0 -I/usr/lib/aarch64-linux-gnu/glib-2.0/include -DG_DISABLE_SINGLE_INCLUDES -Werror -Wmissing-braces  conftest.c >&5
conftest.c:39:7: error: expected ',' or ';' at end of input
   39 | union { int a[1]; int b[2]; } c = { 0 }
      |       ^
configure:17104: $? = 1
configure: failed program was:
| /* confdefs.h */
| #define PACKAGE_NAME "nm-applet"
| #define PACKAGE_TARNAME "network-manager-applet"
| #define PACKAGE_VERSION "1.20.0"
| #define PACKAGE_STRING "nm-applet 1.20.0"
| #define PACKAGE_BUGREPORT "https://gitlab.gnome.org/GNOME/network-manager-applet/issues"
| #define PACKAGE_URL ""
| #define PACKAGE "network-manager-applet"
| #define VERSION "1.20.0"
| #define STDC_HEADERS 1
| #define HAVE_SYS_TYPES_H 1
| #define HAVE_SYS_STAT_H 1
| #define HAVE_STDLIB_H 1
| #define HAVE_STRING_H 1
| #define HAVE_MEMORY_H 1
| #define HAVE_STRINGS_H 1
| #define HAVE_INTTYPES_H 1
| #define HAVE_STDINT_H 1
| #define HAVE_UNISTD_H 1
| #define __EXTENSIONS__ 1
| #define _ALL_SOURCE 1
| #define _GNU_SOURCE 1
| #define _POSIX_PTHREAD_SEMANTICS 1
| #define _TANDEM_SOURCE 1
| #define HAVE_DLFCN_H 1
| #define LT_OBJDIR ".libs/"
| #define NMA_GIT_SHA "7716fa26607ee97609d222e2dc3ab6917e8f6059"
| #define ENABLE_NLS 1
| #define HAVE_GETTEXT 1
| #define HAVE_DCGETTEXT 1
| #define GETTEXT_PACKAGE "nm-applet"
| #define HAVE_LIBNOTIFY_07 1
| #define WITH_APPINDICATOR 1
| #define USE_AYATANA_INDICATORS 1
| #define WITH_WWAN 1
| #define WITH_SELINUX 1
| #define WITH_JANSSON 1
| /* end confdefs.h.  */
| union { int a[1]; int b[2]; } c = { 0 }
| 
configure:17113: result: no
configure:17136: checking whether -Wcast-function-type works as expected
configure:17143: gcc -c -g -O2 -Warray-bounds -Wunused-value -Wno-missing-braces -I/usr/include/glib-2.0 -I/usr/lib/aarch64-linux-gnu/glib-2.0/include -DG_DISABLE_SINGLE_INCLUDES -Werror -Wcast-function-type  conftest.c >&5
configure:17143: $? = 0
configure:17155: gcc -c -g -O2 -Warray-bounds -Wunused-value -Wno-missing-braces -I/usr/include/glib-2.0 -I/usr/lib/aarch64-linux-gnu/glib-2.0/include -DG_DISABLE_SINGLE_INCLUDES -Werror -Wcast-function-type  conftest.c >&5
configure:17155: $? = 0
configure:17157: result: yes
configure:17239: checking if gcc supports flag -fdata-sections -ffunction-sections -Wl,--gc-sections in envvar CFLAGS
configure:17250: gcc -o conftest -Wall -Wextra -Wdeclaration-after-statement -Wfloat-equal -Wformat-nonliteral -Wformat-security -Wimplicit-fallthrough -Wimplicit-function-declaration -Winit-self -Wlogical-op -Wmissing-declarations -Wmissing-include-dirs -Wmissing-prototypes -Wpointer-arith -Wshadow -Wshift-negative-value -Wstrict-prototypes -Wundef -Wvla -Wno-duplicate-decl-specifier -Wno-format-truncation -Wno-format-y2k -Wno-missing-field-initializers -Wno-pragmas -Wno-sign-compare -Wno-unused-parameter -g -O2 -Warray-bounds -Wunused-value -Wno-missing-braces -Wcast-function-type -Werror -fdata-sections -ffunction-sections -Wl,--gc-sections   conftest.c  >&5
configure:17250: $? = 0
configure:17259: result: yes
configure:17404: checking that generated files are newer than configure
configure:17410: result: done
configure:17449: creating ./config.status

## ---------------------- ##
## Running config.status. ##
## ---------------------- ##

This file was extended by nm-applet config.status 1.20.0, which was
generated by GNU Autoconf 2.69.  Invocation command line was

  CONFIG_FILES    = 
  CONFIG_HEADERS  = 
  CONFIG_LINKS    = 
  CONFIG_COMMANDS = 
  $ ./config.status 

on linaro-alip

config.status:1244: creating Makefile
config.status:1244: creating man/nm-applet.1
config.status:1244: creating man/nm-connection-editor.1
config.status:1244: creating po/Makefile.in
config.status:1244: creating config.h
config.status:1425: config.h is unchanged
config.status:1473: executing depfiles commands
config.status:1550: cd .       && sed -e '/# am--include-marker/d' Makefile         | make -f - am--depfiles
make: Nothing to be done for 'am--depfiles'.
config.status:1555: $? = 0
config.status:1473: executing libtool commands
config.status:1473: executing po-directories commands

## ---------------- ##
## Cache variables. ##
## ---------------- ##

ac_cv_build=aarch64-unknown-linux-gnu
ac_cv_c_compiler_gnu=yes
ac_cv_env_APPINDICATOR_CFLAGS_set=
ac_cv_env_APPINDICATOR_CFLAGS_value=
ac_cv_env_APPINDICATOR_LIBS_set=
ac_cv_env_APPINDICATOR_LIBS_value=
ac_cv_env_CC_set=
ac_cv_env_CC_value=
ac_cv_env_CFLAGS_set=
ac_cv_env_CFLAGS_value=
ac_cv_env_CPPFLAGS_set=
ac_cv_env_CPPFLAGS_value=
ac_cv_env_CPP_set=
ac_cv_env_CPP_value=
ac_cv_env_DBUSMENU_CFLAGS_set=
ac_cv_env_DBUSMENU_CFLAGS_value=
ac_cv_env_DBUSMENU_LIBS_set=
ac_cv_env_DBUSMENU_LIBS_value=
ac_cv_env_GLIB_CFLAGS_set=
ac_cv_env_GLIB_CFLAGS_value=
ac_cv_env_GLIB_COMPILE_SCHEMAS_set=
ac_cv_env_GLIB_COMPILE_SCHEMAS_value=
ac_cv_env_GLIB_LIBS_set=
ac_cv_env_GLIB_LIBS_value=
ac_cv_env_GTK3_CFLAGS_set=
ac_cv_env_GTK3_CFLAGS_value=
ac_cv_env_GTK3_LIBS_set=
ac_cv_env_GTK3_LIBS_value=
ac_cv_env_GUDEV_CFLAGS_set=
ac_cv_env_GUDEV_CFLAGS_value=
ac_cv_env_GUDEV_LIBS_set=
ac_cv_env_GUDEV_LIBS_value=
ac_cv_env_JANSSON_CFLAGS_set=
ac_cv_env_JANSSON_CFLAGS_value=
ac_cv_env_JANSSON_LIBS_set=
ac_cv_env_JANSSON_LIBS_value=
ac_cv_env_LDFLAGS_set=
ac_cv_env_LDFLAGS_value=
ac_cv_env_LIBNMA_CFLAGS_set=
ac_cv_env_LIBNMA_CFLAGS_value=
ac_cv_env_LIBNMA_LIBS_set=
ac_cv_env_LIBNMA_LIBS_value=
ac_cv_env_LIBNM_CFLAGS_set=
ac_cv_env_LIBNM_CFLAGS_value=
ac_cv_env_LIBNM_LIBS_set=
ac_cv_env_LIBNM_LIBS_value=
ac_cv_env_LIBNOTIFY_07_CFLAGS_set=
ac_cv_env_LIBNOTIFY_07_CFLAGS_value=
ac_cv_env_LIBNOTIFY_07_LIBS_set=
ac_cv_env_LIBNOTIFY_07_LIBS_value=
ac_cv_env_LIBSECRET_CFLAGS_set=
ac_cv_env_LIBSECRET_CFLAGS_value=
ac_cv_env_LIBSECRET_LIBS_set=
ac_cv_env_LIBSECRET_LIBS_value=
ac_cv_env_LIBS_set=
ac_cv_env_LIBS_value=
ac_cv_env_LT_SYS_LIBRARY_PATH_set=
ac_cv_env_LT_SYS_LIBRARY_PATH_value=
ac_cv_env_MM_GLIB_CFLAGS_set=
ac_cv_env_MM_GLIB_CFLAGS_value=
ac_cv_env_MM_GLIB_LIBS_set=
ac_cv_env_MM_GLIB_LIBS_value=
ac_cv_env_NOTIFY_CFLAGS_set=
ac_cv_env_NOTIFY_CFLAGS_value=
ac_cv_env_NOTIFY_LIBS_set=
ac_cv_env_NOTIFY_LIBS_value=
ac_cv_env_PKG_CONFIG_LIBDIR_set=
ac_cv_env_PKG_CONFIG_LIBDIR_value=
ac_cv_env_PKG_CONFIG_PATH_set=
ac_cv_env_PKG_CONFIG_PATH_value=
ac_cv_env_PKG_CONFIG_set=
ac_cv_env_PKG_CONFIG_value=
ac_cv_env_SELINUX_CFLAGS_set=
ac_cv_env_SELINUX_CFLAGS_value=
ac_cv_env_SELINUX_LIBS_set=
ac_cv_env_SELINUX_LIBS_value=
ac_cv_env_build_alias_set=
ac_cv_env_build_alias_value=
ac_cv_env_host_alias_set=
ac_cv_env_host_alias_value=
ac_cv_env_target_alias_set=
ac_cv_env_target_alias_value=
ac_cv_header_dlfcn_h=yes
ac_cv_header_inttypes_h=yes
ac_cv_header_memory_h=yes
ac_cv_header_minix_config_h=no
ac_cv_header_stdc=yes
ac_cv_header_stdint_h=yes
ac_cv_header_stdlib_h=yes
ac_cv_header_string_h=yes
ac_cv_header_strings_h=yes
ac_cv_header_sys_stat_h=yes
ac_cv_header_sys_types_h=yes
ac_cv_header_unistd_h=yes
ac_cv_host=aarch64-unknown-linux-gnu
ac_cv_objext=o
ac_cv_path_EGREP='/usr/bin/grep -E'
ac_cv_path_FGREP='/usr/bin/grep -F'
ac_cv_path_GLIB_COMPILE_RESOURCES=/usr/bin/glib-compile-resources
ac_cv_path_GMSGFMT=/usr/bin/msgfmt
ac_cv_path_GREP=/usr/bin/grep
ac_cv_path_MSGFMT=/usr/bin/msgfmt
ac_cv_path_MSGMERGE=/usr/bin/msgmerge
ac_cv_path_SED=/usr/bin/sed
ac_cv_path_XGETTEXT=/usr/bin/xgettext
ac_cv_path_ac_pt_PKG_CONFIG=/usr/bin/pkg-config
ac_cv_path_install='/usr/bin/install -c'
ac_cv_path_lt_DD=/usr/bin/dd
ac_cv_path_mkdir=/usr/bin/mkdir
ac_cv_prog_AWK=gawk
ac_cv_prog_CPP='gcc -E'
ac_cv_prog_ac_ct_AR=ar
ac_cv_prog_ac_ct_CC=gcc
ac_cv_prog_ac_ct_MANIFEST_TOOL=mt
ac_cv_prog_ac_ct_OBJDUMP=objdump
ac_cv_prog_ac_ct_RANLIB=ranlib
ac_cv_prog_ac_ct_STRIP=strip
ac_cv_prog_cc_c89=
ac_cv_prog_cc_g=yes
ac_cv_prog_has_file=yes
ac_cv_prog_has_find=yes
ac_cv_prog_make_make_set=yes
ac_cv_safe_to_define___extensions__=yes
ac_cv_type_pid_t=yes
acl_cv_hardcode_direct=no
acl_cv_hardcode_libdir_flag_spec='${wl}-rpath ${wl}$libdir'
acl_cv_hardcode_libdir_separator=
acl_cv_hardcode_minus_L=no
acl_cv_libext=a
acl_cv_libname_spec='lib$name'
acl_cv_library_names_spec='$libname$shrext'
acl_cv_path_LD=/usr/bin/ld
acl_cv_prog_gnu_ld=yes
acl_cv_rpath=done
acl_cv_shlibext=so
acl_cv_wl=-Wl,
am_cv_CC_dependencies_compiler_type=gcc3
am_cv_make_support_nested_variables=yes
am_cv_prog_cc_c_o=yes
cc_cv_CFLAGS__fdata_sections__ffunction_sections__Wl___gc_sections=yes
gt_cv_func_CFLocaleCopyCurrent=no
gt_cv_func_CFPreferencesCopyAppValue=no
gt_cv_func_gnugettext1_libc=yes
lt_cv_ar_at_file=@
lt_cv_archive_cmds_need_lc=no
lt_cv_deplibs_check_method=pass_all
lt_cv_file_magic_cmd='$MAGIC_CMD'
lt_cv_file_magic_test_file=
lt_cv_ld_reload_flag=-r
lt_cv_nm_interface='BSD nm'
lt_cv_objdir=.libs
lt_cv_path_LD=/usr/bin/ld
lt_cv_path_NM='/usr/bin/nm -B'
lt_cv_path_mainfest_tool=no
lt_cv_prog_compiler_c_o=yes
lt_cv_prog_compiler_pic='-fPIC -DPIC'
lt_cv_prog_compiler_pic_works=yes
lt_cv_prog_compiler_rtti_exceptions=no
lt_cv_prog_compiler_static_works=yes
lt_cv_prog_gnu_ld=yes
lt_cv_sharedlib_from_linklib_cmd='printf %s\n'
lt_cv_shlibpath_overrides_runpath=yes
lt_cv_sys_global_symbol_pipe='sed -n -e '\''s/^.*[	 ]\([ABCDGIRSTW][ABCDGIRSTW]*\)[	 ][	 ]*\([_A-Za-z][_A-Za-z0-9]*\)$/\1 \2 \2/p'\'' | sed '\''/ __gnu_lto/d'\'''
lt_cv_sys_global_symbol_to_c_name_address='sed -n -e '\''s/^: \(.*\) .*$/  {"\1", (void *) 0},/p'\'' -e '\''s/^[ABCDGIRSTW][ABCDGIRSTW]* .* \(.*\)$/  {"\1", (void *) \&\1},/p'\'''
lt_cv_sys_global_symbol_to_c_name_address_lib_prefix='sed -n -e '\''s/^: \(.*\) .*$/  {"\1", (void *) 0},/p'\'' -e '\''s/^[ABCDGIRSTW][ABCDGIRSTW]* .* \(lib.*\)$/  {"\1", (void *) \&\1},/p'\'' -e '\''s/^[ABCDGIRSTW][ABCDGIRSTW]* .* \(.*\)$/  {"lib\1", (void *) \&\1},/p'\'''
lt_cv_sys_global_symbol_to_cdecl='sed -n -e '\''s/^T .* \(.*\)$/extern int \1();/p'\'' -e '\''s/^[ABCDGIRSTW][ABCDGIRSTW]* .* \(.*\)$/extern char \1;/p'\'''
lt_cv_sys_global_symbol_to_import=
lt_cv_sys_max_cmd_len=1572864
lt_cv_to_host_file_cmd=func_convert_file_noop
lt_cv_to_tool_file_cmd=func_convert_file_noop
lt_cv_truncate_bin='/usr/bin/dd bs=4096 count=1'
pkg_cv_APPINDICATOR_CFLAGS='-pthread -I/usr/include/libayatana-appindicator3-0.1 -I/usr/include/libdbusmenu-glib-0.4 -I/usr/include/gtk-3.0 -I/usr/include/at-spi2-atk/2.0 -I/usr/include/at-spi-2.0 -I/usr/include/dbus-1.0 -I/usr/lib/aarch64-linux-gnu/dbus-1.0/include -I/usr/include/gtk-3.0 -I/usr/include/gio-unix-2.0 -I/usr/include/cairo -I/usr/include/pango-1.0 -I/usr/include/fribidi -I/usr/include/harfbuzz -I/usr/include/atk-1.0 -I/usr/include/cairo -I/usr/include/pixman-1 -I/usr/include/uuid -I/usr/include/freetype2 -I/usr/include/libpng16 -I/usr/include/gdk-pixbuf-2.0 -I/usr/include/libmount -I/usr/include/blkid -I/usr/include/glib-2.0 -I/usr/lib/aarch64-linux-gnu/glib-2.0/include'
pkg_cv_APPINDICATOR_LIBS='-layatana-appindicator3 -ldbusmenu-glib -lgtk-3 -lgdk-3 -lpangocairo-1.0 -lpango-1.0 -lharfbuzz -latk-1.0 -lcairo-gobject -lcairo -lgdk_pixbuf-2.0 -lgio-2.0 -lgobject-2.0 -lglib-2.0'
pkg_cv_DBUSMENU_CFLAGS='-pthread -I/usr/include/libdbusmenu-gtk3-0.4 -I/usr/include/libdbusmenu-glib-0.4 -I/usr/include/gtk-3.0 -I/usr/include/at-spi2-atk/2.0 -I/usr/include/at-spi-2.0 -I/usr/include/dbus-1.0 -I/usr/lib/aarch64-linux-gnu/dbus-1.0/include -I/usr/include/gtk-3.0 -I/usr/include/gio-unix-2.0 -I/usr/include/cairo -I/usr/include/pango-1.0 -I/usr/include/fribidi -I/usr/include/harfbuzz -I/usr/include/atk-1.0 -I/usr/include/cairo -I/usr/include/pixman-1 -I/usr/include/uuid -I/usr/include/freetype2 -I/usr/include/libpng16 -I/usr/include/gdk-pixbuf-2.0 -I/usr/include/libmount -I/usr/include/blkid -I/usr/include/glib-2.0 -I/usr/lib/aarch64-linux-gnu/glib-2.0/include'
pkg_cv_DBUSMENU_LIBS='-ldbusmenu-gtk3 -ldbusmenu-glib -lgtk-3 -lgdk-3 -lpangocairo-1.0 -lpango-1.0 -lharfbuzz -latk-1.0 -lcairo-gobject -lcairo -lgdk_pixbuf-2.0 -lgio-2.0 -lgobject-2.0 -lglib-2.0'
pkg_cv_GLIB_CFLAGS='-I/usr/include/glib-2.0 -I/usr/lib/aarch64-linux-gnu/glib-2.0/include'
pkg_cv_GLIB_COMPILE_SCHEMAS=/usr/bin/glib-compile-schemas
pkg_cv_GLIB_LIBS=-lglib-2.0
pkg_cv_GTK3_CFLAGS='-pthread -I/usr/include/gtk-3.0 -I/usr/include/at-spi2-atk/2.0 -I/usr/include/at-spi-2.0 -I/usr/include/dbus-1.0 -I/usr/lib/aarch64-linux-gnu/dbus-1.0/include -I/usr/include/gtk-3.0 -I/usr/include/gio-unix-2.0 -I/usr/include/cairo -I/usr/include/pango-1.0 -I/usr/include/fribidi -I/usr/include/harfbuzz -I/usr/include/atk-1.0 -I/usr/include/cairo -I/usr/include/pixman-1 -I/usr/include/uuid -I/usr/include/freetype2 -I/usr/include/libpng16 -I/usr/include/gdk-pixbuf-2.0 -I/usr/include/libmount -I/usr/include/blkid -I/usr/include/glib-2.0 -I/usr/lib/aarch64-linux-gnu/glib-2.0/include'
pkg_cv_GTK3_LIBS='-lgtk-3 -lgdk-3 -lpangocairo-1.0 -lpango-1.0 -lharfbuzz -latk-1.0 -lcairo-gobject -lcairo -lgdk_pixbuf-2.0 -lgio-2.0 -lgobject-2.0 -lglib-2.0'
pkg_cv_GUDEV_CFLAGS='-I/usr/include/gudev-1.0 -I/usr/include/glib-2.0 -I/usr/lib/aarch64-linux-gnu/glib-2.0/include'
pkg_cv_GUDEV_LIBS='-lgudev-1.0 -lgobject-2.0 -lglib-2.0'
pkg_cv_JANSSON_CFLAGS=
pkg_cv_JANSSON_LIBS=-ljansson
pkg_cv_LIBNMA_CFLAGS='-pthread -I/usr/include/libnma -I/usr/include/libnm -I/usr/include/libmount -I/usr/include/blkid -I/usr/include/glib-2.0 -I/usr/lib/aarch64-linux-gnu/glib-2.0/include'
pkg_cv_LIBNMA_LIBS='-lnma -lnm -lgio-2.0 -lgobject-2.0 -lglib-2.0'
pkg_cv_LIBNM_CFLAGS='-pthread -I/usr/include/libnm -I/usr/include/libmount -I/usr/include/blkid -I/usr/include/glib-2.0 -I/usr/lib/aarch64-linux-gnu/glib-2.0/include'
pkg_cv_LIBNM_LIBS='-lnm -lgio-2.0 -lgobject-2.0 -Wl,--export-dynamic -lgmodule-2.0 -pthread -lglib-2.0'
pkg_cv_LIBNOTIFY_07_CFLAGS='-pthread -I/usr/include/gdk-pixbuf-2.0 -I/usr/include/libmount -I/usr/include/blkid -I/usr/include/glib-2.0 -I/usr/lib/aarch64-linux-gnu/glib-2.0/include'
pkg_cv_LIBNOTIFY_07_LIBS='-lnotify -lgdk_pixbuf-2.0 -lgio-2.0 -lgobject-2.0 -lglib-2.0'
pkg_cv_LIBSECRET_CFLAGS='-pthread -I/usr/include/libsecret-1 -I/usr/include/libmount -I/usr/include/blkid -I/usr/include/glib-2.0 -I/usr/lib/aarch64-linux-gnu/glib-2.0/include'
pkg_cv_LIBSECRET_LIBS='-lsecret-1 -lgio-2.0 -lgobject-2.0 -lglib-2.0'
pkg_cv_MM_GLIB_CFLAGS='-pthread -I/usr/include/libmm-glib -I/usr/include/libmount -I/usr/include/blkid -I/usr/include/glib-2.0 -I/usr/lib/aarch64-linux-gnu/glib-2.0/include -I/usr/include/ModemManager'
pkg_cv_MM_GLIB_LIBS='-lmm-glib -lgio-2.0 -lgobject-2.0 -lglib-2.0'
pkg_cv_NOTIFY_CFLAGS='-pthread -I/usr/include/gdk-pixbuf-2.0 -I/usr/include/libmount -I/usr/include/blkid -I/usr/include/glib-2.0 -I/usr/lib/aarch64-linux-gnu/glib-2.0/include'
pkg_cv_NOTIFY_LIBS='-lnotify -lgdk_pixbuf-2.0 -lgio-2.0 -lgobject-2.0 -lglib-2.0'
pkg_cv_SELINUX_CFLAGS=
pkg_cv_SELINUX_LIBS=-lselinux

## ----------------- ##
## Output variables. ##
## ----------------- ##










		$(INSTALL_DATA) $^ "$(DESTDIR)$(gsettingsschemadir)"; \
		test -n "$(GSETTINGS_DISABLE_SCHEMAS_COMPILE)$(DESTDIR)" || $(GLIB_COMPILE_SCHEMAS) $(gsettingsschemadir); \
		test -z "$(gsettingsschemadir)" || $(MKDIR_P) "$(DESTDIR)$(gsettingsschemadir)"; \
	$(AM_V_GEN) $(GLIB_COMPILE_SCHEMAS) --strict --dry-run $(addprefix --schema-file=,$(gsettings__enum_file)) --schema-file=$< && mkdir -p $(@D) && touch $@
	$(AM_V_GEN) glib-mkenums --comments '\''<!-- @comment@ -->'\'' --fhead "<schemalist>" --vhead "  <@type@ id='\''$(gsettings_ENUM_NAMESPACE).@EnumName@'\''>" --vprod "    <value nick='\''@valuenick@'\'' value='\''@valuenum@'\''/>" --vtail "  </@type@>" --ftail "</schemalist>" $^ > $@.tmp && mv $@.tmp $@
	@$(NORMAL_INSTALL)
	@$(NORMAL_UNINSTALL)
	@list='\''$(gsettings_SCHEMAS) $(gsettings__enum_file)'\''; test -n "$(gsettingsschemadir)" || list=; \
	cd "$(DESTDIR)$(gsettingsschemadir)" && rm -f $$files
	echo " ( cd '\''$(DESTDIR)$(gsettingsschemadir)'\'' && rm -f" $$files ")"; \
	fi
	files=`for p in $$list; do echo $$p; done | sed -e '\''s|^.*/||'\''`; \
	if test -n "$^"; then \
	rm -f $(gsettings_SCHEMAS:.xml=.valid) $(gsettings__enum_file)
	test -n "$$files" || exit 0; \
	test -n "$(GSETTINGS_DISABLE_SCHEMAS_COMPILE)$(DESTDIR)" || $(GLIB_COMPILE_SCHEMAS) $(gsettingsschemadir)
$(gsettings__enum_file): $(gsettings_ENUM_FILES)
%.gschema.valid: %.gschema.xml $(gsettings__enum_file)
.PHONY : uninstall-gsettings-schemas install-gsettings-schemas clean-gsettings-schemas
.SECONDARY: $(gsettings_SCHEMAS)
ACLOCAL='${SHELL} /home/linaro/network-manager-applet-1.20.0/missing aclocal-1.16'
AMDEPBACKSLASH='\'
AMDEP_FALSE='#'
AMDEP_TRUE=''
AMTAR='$${TAR-tar}'
AM_BACKSLASH='\'
AM_DEFAULT_V='$(AM_DEFAULT_VERBOSITY)'
AM_DEFAULT_VERBOSITY='0'
AM_V='$(V)'
APPINDICATOR_CFLAGS='-pthread -I/usr/include/libayatana-appindicator3-0.1 -I/usr/include/libdbusmenu-glib-0.4 -I/usr/include/gtk-3.0 -I/usr/include/at-spi2-atk/2.0 -I/usr/include/at-spi-2.0 -I/usr/include/dbus-1.0 -I/usr/lib/aarch64-linux-gnu/dbus-1.0/include -I/usr/include/gtk-3.0 -I/usr/include/gio-unix-2.0 -I/usr/include/cairo -I/usr/include/pango-1.0 -I/usr/include/fribidi -I/usr/include/harfbuzz -I/usr/include/atk-1.0 -I/usr/include/cairo -I/usr/include/pixman-1 -I/usr/include/uuid -I/usr/include/freetype2 -I/usr/include/libpng16 -I/usr/include/gdk-pixbuf-2.0 -I/usr/include/libmount -I/usr/include/blkid -I/usr/include/glib-2.0 -I/usr/lib/aarch64-linux-gnu/glib-2.0/include'
APPINDICATOR_LIBS='-layatana-appindicator3 -ldbusmenu-glib -lgtk-3 -lgdk-3 -lpangocairo-1.0 -lpango-1.0 -lharfbuzz -latk-1.0 -lcairo-gobject -lcairo -lgdk_pixbuf-2.0 -lgio-2.0 -lgobject-2.0 -lglib-2.0'
AR='ar'
AUTOCONF='${SHELL} /home/linaro/network-manager-applet-1.20.0/missing autoconf'
AUTOHEADER='${SHELL} /home/linaro/network-manager-applet-1.20.0/missing autoheader'
AUTOMAKE='${SHELL} /home/linaro/network-manager-applet-1.20.0/missing automake-1.16'
AWK='gawk'
CC='gcc'
CCDEPMODE='depmode=gcc3'
CFLAGS=' -fdata-sections -ffunction-sections -Wl,--gc-sections -Wall -Wextra -Wdeclaration-after-statement -Wfloat-equal -Wformat-nonliteral -Wformat-security -Wimplicit-fallthrough -Wimplicit-function-declaration -Winit-self -Wlogical-op -Wmissing-declarations -Wmissing-include-dirs -Wmissing-prototypes -Wpointer-arith -Wshadow -Wshift-negative-value -Wstrict-prototypes -Wundef -Wvla -Wno-duplicate-decl-specifier -Wno-format-truncation -Wno-format-y2k -Wno-missing-field-initializers -Wno-pragmas -Wno-sign-compare -Wno-unused-parameter -g -O2 -Warray-bounds -Wunused-value -Wno-missing-braces -Wcast-function-type'
CPP='gcc -E'
CPPFLAGS=''
CYGPATH_W='echo'
DBUSMENU_CFLAGS='-pthread -I/usr/include/libdbusmenu-gtk3-0.4 -I/usr/include/libdbusmenu-glib-0.4 -I/usr/include/gtk-3.0 -I/usr/include/at-spi2-atk/2.0 -I/usr/include/at-spi-2.0 -I/usr/include/dbus-1.0 -I/usr/lib/aarch64-linux-gnu/dbus-1.0/include -I/usr/include/gtk-3.0 -I/usr/include/gio-unix-2.0 -I/usr/include/cairo -I/usr/include/pango-1.0 -I/usr/include/fribidi -I/usr/include/harfbuzz -I/usr/include/atk-1.0 -I/usr/include/cairo -I/usr/include/pixman-1 -I/usr/include/uuid -I/usr/include/freetype2 -I/usr/include/libpng16 -I/usr/include/gdk-pixbuf-2.0 -I/usr/include/libmount -I/usr/include/blkid -I/usr/include/glib-2.0 -I/usr/lib/aarch64-linux-gnu/glib-2.0/include'
DBUSMENU_LIBS='-ldbusmenu-gtk3 -ldbusmenu-glib -lgtk-3 -lgdk-3 -lpangocairo-1.0 -lpango-1.0 -lharfbuzz -latk-1.0 -lcairo-gobject -lcairo -lgdk_pixbuf-2.0 -lgio-2.0 -lgobject-2.0 -lglib-2.0'
DEFS='-DHAVE_CONFIG_H'
DEPDIR='.deps'
DLLTOOL='false'
DSYMUTIL=''
DUMPBIN=''
ECHO_C=''
ECHO_N='-n'
ECHO_T=''
EGREP='/usr/bin/grep -E'
EXEEXT=''
FGREP='/usr/bin/grep -F'
GETTEXT_MACRO_VERSION='0.18'
GETTEXT_PACKAGE='nm-applet'
GLIB_CFLAGS='-I/usr/include/glib-2.0 -I/usr/lib/aarch64-linux-gnu/glib-2.0/include -DG_DISABLE_SINGLE_INCLUDES'
GLIB_COMPILE_RESOURCES='/usr/bin/glib-compile-resources'
GLIB_COMPILE_SCHEMAS='/usr/bin/glib-compile-schemas'
GLIB_GENMARSHAL='/usr/bin/glib-genmarshal'
GLIB_LIBS='-lglib-2.0'
GLIB_MAKEFILE='$(top_srcdir)/Makefile.glib'
GLIB_MKENUMS='/usr/bin/glib-mkenums'
GMSGFMT='/usr/bin/msgfmt'
GMSGFMT_015='/usr/bin/msgfmt'
GREP='/usr/bin/grep'
GSETTINGS_DISABLE_SCHEMAS_COMPILE=''
GSETTINGS_RULES='
GTK3_CFLAGS='-pthread -I/usr/include/gtk-3.0 -I/usr/include/at-spi2-atk/2.0 -I/usr/include/at-spi-2.0 -I/usr/include/dbus-1.0 -I/usr/lib/aarch64-linux-gnu/dbus-1.0/include -I/usr/include/gtk-3.0 -I/usr/include/gio-unix-2.0 -I/usr/include/cairo -I/usr/include/pango-1.0 -I/usr/include/fribidi -I/usr/include/harfbuzz -I/usr/include/atk-1.0 -I/usr/include/cairo -I/usr/include/pixman-1 -I/usr/include/uuid -I/usr/include/freetype2 -I/usr/include/libpng16 -I/usr/include/gdk-pixbuf-2.0 -I/usr/include/libmount -I/usr/include/blkid -I/usr/include/glib-2.0 -I/usr/lib/aarch64-linux-gnu/glib-2.0/include -DGDK_VERSION_MIN_REQUIRED=GDK_VERSION_3_10 -DGDK_VERSION_MAX_ALLOWED=GDK_VERSION_3_10'
GTK3_LIBS='-lgtk-3 -lgdk-3 -lpangocairo-1.0 -lpango-1.0 -lharfbuzz -latk-1.0 -lcairo-gobject -lcairo -lgdk_pixbuf-2.0 -lgio-2.0 -lgobject-2.0 -lglib-2.0'
GUDEV_CFLAGS='-I/usr/include/gudev-1.0 -I/usr/include/glib-2.0 -I/usr/lib/aarch64-linux-gnu/glib-2.0/include'
GUDEV_LIBS='-lgudev-1.0 -lgobject-2.0 -lglib-2.0'
INSTALL_DATA='${INSTALL} -m 644'
INSTALL_PROGRAM='${INSTALL}'
INSTALL_SCRIPT='${INSTALL}'
INSTALL_STRIP_PROGRAM='$(install_sh) -c -s'
INTLLIBS=''
INTL_MACOSX_LIBS=''
JANSSON_CFLAGS=''
JANSSON_LIBS='-ljansson'
LD='/usr/bin/ld'
LDFLAGS=''
LIBICONV='-liconv'
LIBINTL=''
LIBNMA_CFLAGS='-pthread -I/usr/include/libnma -I/usr/include/libnm -I/usr/include/libmount -I/usr/include/blkid -I/usr/include/glib-2.0 -I/usr/lib/aarch64-linux-gnu/glib-2.0/include -DNMA_VERSION_MIN_REQUIRED=NMA_VERSION_1_8_28 -DNMA_VERSION_MAX_ALLOWED=NMA_VERSION_1_8_28'
LIBNMA_LIBS='-lnma -lnm -lgio-2.0 -lgobject-2.0 -lglib-2.0'
LIBNM_CFLAGS='-pthread -I/usr/include/libnm -I/usr/include/libmount -I/usr/include/blkid -I/usr/include/glib-2.0 -I/usr/lib/aarch64-linux-gnu/glib-2.0/include -DGLIB_VERSION_MIN_REQUIRED=GLIB_VERSION_2_38 -DGLIB_VERSION_MAX_ALLOWED=GLIB_VERSION_2_38 -DNM_VERSION_MIN_REQUIRED=NM_VERSION_1_16 -DNM_VERSION_MAX_ALLOWED=NM_VERSION_1_16'
LIBNM_LIBS='-lnm -lgio-2.0 -lgobject-2.0 -Wl,--export-dynamic -lgmodule-2.0 -pthread -lglib-2.0'
LIBNOTIFY_07_CFLAGS='-pthread -I/usr/include/gdk-pixbuf-2.0 -I/usr/include/libmount -I/usr/include/blkid -I/usr/include/glib-2.0 -I/usr/lib/aarch64-linux-gnu/glib-2.0/include'
LIBNOTIFY_07_LIBS='-lnotify -lgdk_pixbuf-2.0 -lgio-2.0 -lgobject-2.0 -lglib-2.0'
LIBOBJS=''
LIBS=''
LIBSECRET_CFLAGS='-pthread -I/usr/include/libsecret-1 -I/usr/include/libmount -I/usr/include/blkid -I/usr/include/glib-2.0 -I/usr/lib/aarch64-linux-gnu/glib-2.0/include'
LIBSECRET_LIBS='-lsecret-1 -lgio-2.0 -lgobject-2.0 -lglib-2.0'
LIBTOOL='$(SHELL) $(top_builddir)/libtool'
LIPO=''
LN_S='ln -s'
LTLIBICONV='-liconv'
LTLIBINTL=''
LTLIBOBJS=''
LT_SYS_LIBRARY_PATH=''
MAINT=''
MAINTAINER_MODE_FALSE='#'
MAINTAINER_MODE_TRUE=''
MAKEINFO='${SHELL} /home/linaro/network-manager-applet-1.20.0/missing makeinfo'
MANIFEST_TOOL=':'
MKDIR_P='/usr/bin/mkdir -p'
MM_GLIB_CFLAGS='-pthread -I/usr/include/libmm-glib -I/usr/include/libmount -I/usr/include/blkid -I/usr/include/glib-2.0 -I/usr/lib/aarch64-linux-gnu/glib-2.0/include -I/usr/include/ModemManager'
MM_GLIB_LIBS='-lmm-glib -lgio-2.0 -lgobject-2.0 -lglib-2.0'
MSGFMT='/usr/bin/msgfmt'
MSGFMT_015='/usr/bin/msgfmt'
MSGMERGE='/usr/bin/msgmerge'
NM='/usr/bin/nm -B'
NMEDIT=''
NOTIFY_CFLAGS='-pthread -I/usr/include/gdk-pixbuf-2.0 -I/usr/include/libmount -I/usr/include/blkid -I/usr/include/glib-2.0 -I/usr/lib/aarch64-linux-gnu/glib-2.0/include'
NOTIFY_LIBS='-lnotify -lgdk_pixbuf-2.0 -lgio-2.0 -lgobject-2.0 -lglib-2.0'
OBJDUMP='objdump'
OBJEXT='o'
OTOOL64=''
OTOOL=''
PACKAGE='network-manager-applet'
PACKAGE_BUGREPORT='https://gitlab.gnome.org/GNOME/network-manager-applet/issues'
PACKAGE_NAME='nm-applet'
PACKAGE_STRING='nm-applet 1.20.0'
PACKAGE_TARNAME='network-manager-applet'
PACKAGE_URL=''
PACKAGE_VERSION='1.20.0'
PATH_SEPARATOR=':'
PKG_CONFIG='/usr/bin/pkg-config'
PKG_CONFIG_LIBDIR=''
PKG_CONFIG_PATH=''
POSUB='po'
RANLIB='ranlib'
SED='/usr/bin/sed'
SELINUX_CFLAGS=''
SELINUX_LIBS='-lselinux'
SET_MAKE=''
SHELL='/bin/bash'
STRIP='strip'
USE_NLS='yes'
VERSION='1.20.0'
WITH_JANSSON_FALSE='#'
WITH_JANSSON_TRUE=''
WITH_SELINUX_FALSE='#'
WITH_SELINUX_TRUE=''
WITH_WWAN_FALSE='#'
WITH_WWAN_TRUE=''
XGETTEXT='/usr/bin/xgettext'
XGETTEXT_015='/usr/bin/xgettext'
XGETTEXT_EXTRA_OPTIONS=''
ac_ct_AR='ar'
ac_ct_CC='gcc'
ac_ct_DUMPBIN=''
all-am: $(gsettings_SCHEMAS:.xml=.valid)
am__EXEEXT_FALSE=''
am__EXEEXT_TRUE='#'
am__fastdepCC_FALSE='#'
am__fastdepCC_TRUE=''
am__include='include'
am__isrc=''
am__leading_dot='.'
am__nodep='_no'
am__quote=''
am__tar='$${TAR-tar} chof - "$$tardir"'
am__untar='$${TAR-tar} xf -'
bindir='${exec_prefix}/bin'
build='aarch64-unknown-linux-gnu'
build_alias=''
build_cpu='aarch64'
build_os='linux-gnu'
build_vendor='unknown'
clean-gsettings-schemas:
datadir='${datarootdir}'
datarootdir='${prefix}/share'
docdir='${datarootdir}/doc/${PACKAGE_TARNAME}'
dvidir='${docdir}'
endif'
exec_prefix='${prefix}'
gsettings__enum_file = $(addsuffix .enums.xml,$(gsettings_ENUM_NAMESPACE))
gsettingsschemadir='${datarootdir}/glib-2.0/schemas'
has_file='yes'
has_find='yes'
host='aarch64-unknown-linux-gnu'
host_alias=''
host_cpu='aarch64'
host_os='linux-gnu'
host_vendor='unknown'
htmldir='${docdir}'
ifdef gsettings_ENUM_NAMESPACE
includedir='${prefix}/include'
infodir='${datarootdir}/info'
install-data-am: install-gsettings-schemas
install-gsettings-schemas: $(gsettings_SCHEMAS) $(gsettings__enum_file)
install_sh='${SHELL} /home/linaro/network-manager-applet-1.20.0/install-sh'
libdir='${exec_prefix}/lib'
libexecdir='${exec_prefix}/libexec'
localedir='${datarootdir}/locale'
localstatedir='${prefix}/var'
mandir='${datarootdir}/man'
mkdir_p='/usr/bin/mkdir -p'
mostlyclean-am: clean-gsettings-schemas
oldincludedir='/usr/include'
pdfdir='${docdir}'
prefix='/usr/local'
program_transform_name='s,x,x,'
psdir='${docdir}'
sbindir='${exec_prefix}/sbin'
sharedstatedir='${prefix}/com'
sysconfdir='${prefix}/etc'
target_alias=''
uninstall-am: uninstall-gsettings-schemas
uninstall-gsettings-schemas:

## ----------- ##
## confdefs.h. ##
## ----------- ##

/* confdefs.h */
#define PACKAGE_NAME "nm-applet"
#define PACKAGE_TARNAME "network-manager-applet"
#define PACKAGE_VERSION "1.20.0"
#define PACKAGE_STRING "nm-applet 1.20.0"
#define PACKAGE_BUGREPORT "https://gitlab.gnome.org/GNOME/network-manager-applet/issues"
#define PACKAGE_URL ""
#define PACKAGE "network-manager-applet"
#define VERSION "1.20.0"
#define STDC_HEADERS 1
#define HAVE_SYS_TYPES_H 1
#define HAVE_SYS_STAT_H 1
#define HAVE_STDLIB_H 1
#define HAVE_STRING_H 1
#define HAVE_MEMORY_H 1
#define HAVE_STRINGS_H 1
#define HAVE_INTTYPES_H 1
#define HAVE_STDINT_H 1
#define HAVE_UNISTD_H 1
#define __EXTENSIONS__ 1
#define _ALL_SOURCE 1
#define _GNU_SOURCE 1
#define _POSIX_PTHREAD_SEMANTICS 1
#define _TANDEM_SOURCE 1
#define HAVE_DLFCN_H 1
#define LT_OBJDIR ".libs/"
#define NMA_GIT_SHA "7716fa26607ee97609d222e2dc3ab6917e8f6059"
#define ENABLE_NLS 1
#define HAVE_GETTEXT 1
#define HAVE_DCGETTEXT 1
#define GETTEXT_PACKAGE "nm-applet"
#define HAVE_LIBNOTIFY_07 1
#define WITH_APPINDICATOR 1
#define USE_AYATANA_INDICATORS 1
#define WITH_WWAN 1
#define WITH_SELINUX 1
#define WITH_JANSSON 1
#define NM_MORE_ASSERTS 0

configure: exit 0
